2014-10-01 16:20:40 +0000 (GMT) DEBUG:django.db.backends.schema:CREATE TABLE "django_migrations" ("id" integer NOT NULL PRIMARY KEY AUTOINCREMENT, "app" varchar(255) NOT NULL, "name" varchar(255) NOT NULL, "applied" datetime NOT NULL); (params [])
2014-10-01 16:20:40 +0000 (GMT) DEBUG:django.db.backends.schema:CREATE TABLE "django_content_type" ("id" integer NOT NULL PRIMARY KEY AUTOINCREMENT, "name" varchar(100) NOT NULL, "app_label" varchar(100) NOT NULL, "model" varchar(100) NOT NULL); (params [])
2014-10-01 16:20:40 +0000 (GMT) DEBUG:django.db.backends.schema:CREATE TABLE "django_content_type__new" ("id" integer NOT NULL PRIMARY KEY AUTOINCREMENT, "name" varchar(100) NOT NULL, "app_label" varchar(100) NOT NULL, "model" varchar(100) NOT NULL, UNIQUE ("app_label", "model")); (params [])
2014-10-01 16:20:40 +0000 (GMT) DEBUG:django.db.backends.schema:INSERT INTO "django_content_type__new" ("model", "name", "id", "app_label") SELECT "model", "name", "id", "app_label" FROM "django_content_type"; (params [])
2014-10-01 16:20:40 +0000 (GMT) DEBUG:django.db.backends.schema:DROP TABLE "django_content_type"; (params [])
2014-10-01 16:20:40 +0000 (GMT) DEBUG:django.db.backends.schema:ALTER TABLE "django_content_type__new" RENAME TO "django_content_type"; (params [])
2014-10-01 16:20:40 +0000 (GMT) DEBUG:django.db.backends.schema:CREATE TABLE "auth_permission" ("id" integer NOT NULL PRIMARY KEY AUTOINCREMENT, "name" varchar(50) NOT NULL, "content_type_id" integer NOT NULL REFERENCES "django_content_type" ("id"), "codename" varchar(100) NOT NULL, UNIQUE ("content_type_id", "codename")); (params [])
2014-10-01 16:20:40 +0000 (GMT) DEBUG:django.db.backends.schema:CREATE TABLE "auth_group" ("id" integer NOT NULL PRIMARY KEY AUTOINCREMENT, "name" varchar(80) NOT NULL UNIQUE); (params [])
2014-10-01 16:20:40 +0000 (GMT) DEBUG:django.db.backends.schema:CREATE TABLE "auth_group_permissions" ("id" integer NOT NULL PRIMARY KEY AUTOINCREMENT, "group_id" integer NOT NULL REFERENCES "auth_group" ("id"), "permission_id" integer NOT NULL REFERENCES "auth_permission" ("id"), UNIQUE ("group_id", "permission_id")); (params [])
2014-10-01 16:20:40 +0000 (GMT) DEBUG:django.db.backends.schema:CREATE TABLE "auth_user" ("id" integer NOT NULL PRIMARY KEY AUTOINCREMENT, "password" varchar(128) NOT NULL, "last_login" datetime NOT NULL, "is_superuser" bool NOT NULL, "username" varchar(30) NOT NULL UNIQUE, "first_name" varchar(30) NOT NULL, "last_name" varchar(30) NOT NULL, "email" varchar(75) NOT NULL, "is_staff" bool NOT NULL, "is_active" bool NOT NULL, "date_joined" datetime NOT NULL); (params [])
2014-10-01 16:20:40 +0000 (GMT) DEBUG:django.db.backends.schema:CREATE TABLE "auth_user_groups" ("id" integer NOT NULL PRIMARY KEY AUTOINCREMENT, "user_id" integer NOT NULL REFERENCES "auth_user" ("id"), "group_id" integer NOT NULL REFERENCES "auth_group" ("id"), UNIQUE ("user_id", "group_id")); (params [])
2014-10-01 16:20:40 +0000 (GMT) DEBUG:django.db.backends.schema:CREATE TABLE "auth_user_user_permissions" ("id" integer NOT NULL PRIMARY KEY AUTOINCREMENT, "user_id" integer NOT NULL REFERENCES "auth_user" ("id"), "permission_id" integer NOT NULL REFERENCES "auth_permission" ("id"), UNIQUE ("user_id", "permission_id")); (params [])
2014-10-01 16:20:40 +0000 (GMT) DEBUG:django.db.backends.schema:CREATE INDEX auth_permission_417f1b1c ON "auth_permission" ("content_type_id"); (params [])
2014-10-01 16:20:40 +0000 (GMT) DEBUG:django.db.backends.schema:CREATE INDEX auth_group_permissions_0e939a4f ON "auth_group_permissions" ("group_id"); (params [])
2014-10-01 16:20:40 +0000 (GMT) DEBUG:django.db.backends.schema:CREATE INDEX auth_group_permissions_8373b171 ON "auth_group_permissions" ("permission_id"); (params [])
2014-10-01 16:20:40 +0000 (GMT) DEBUG:django.db.backends.schema:CREATE INDEX auth_user_groups_e8701ad4 ON "auth_user_groups" ("user_id"); (params [])
2014-10-01 16:20:40 +0000 (GMT) DEBUG:django.db.backends.schema:CREATE INDEX auth_user_groups_0e939a4f ON "auth_user_groups" ("group_id"); (params [])
2014-10-01 16:20:40 +0000 (GMT) DEBUG:django.db.backends.schema:CREATE INDEX auth_user_user_permissions_e8701ad4 ON "auth_user_user_permissions" ("user_id"); (params [])
2014-10-01 16:20:40 +0000 (GMT) DEBUG:django.db.backends.schema:CREATE INDEX auth_user_user_permissions_8373b171 ON "auth_user_user_permissions" ("permission_id"); (params [])
2014-10-01 16:20:40 +0000 (GMT) DEBUG:django.db.backends.schema:CREATE TABLE "django_admin_log" ("id" integer NOT NULL PRIMARY KEY AUTOINCREMENT, "action_time" datetime NOT NULL, "object_id" text NULL, "object_repr" varchar(200) NOT NULL, "action_flag" smallint unsigned NOT NULL, "change_message" text NOT NULL, "content_type_id" integer NULL REFERENCES "django_content_type" ("id"), "user_id" integer NOT NULL REFERENCES "auth_user" ("id")); (params [])
2014-10-01 16:20:40 +0000 (GMT) DEBUG:django.db.backends.schema:CREATE INDEX django_admin_log_417f1b1c ON "django_admin_log" ("content_type_id"); (params [])
2014-10-01 16:20:40 +0000 (GMT) DEBUG:django.db.backends.schema:CREATE INDEX django_admin_log_e8701ad4 ON "django_admin_log" ("user_id"); (params [])
2014-10-01 16:20:40 +0000 (GMT) DEBUG:django.db.backends.schema:CREATE TABLE "django_session" ("session_key" varchar(40) NOT NULL PRIMARY KEY, "session_data" text NOT NULL, "expire_date" datetime NOT NULL); (params [])
2014-10-01 16:20:40 +0000 (GMT) DEBUG:django.db.backends.schema:CREATE INDEX django_session_de54fa62 ON "django_session" ("expire_date"); (params [])
2014-10-01 16:20:40 +0000 (GMT) DEBUG:django.db.backends.schema:CREATE TABLE "vimma_awsprovider" ("id" integer NOT NULL PRIMARY KEY AUTOINCREMENT, "access_key_id" varchar(100) NOT NULL, "access_key_secret" varchar(100) NOT NULL); (params [])
2014-10-01 16:20:40 +0000 (GMT) DEBUG:django.db.backends.schema:CREATE TABLE "vimma_awsvm" ("id" integer NOT NULL PRIMARY KEY AUTOINCREMENT, "status" varchar(100) NOT NULL, "region" varchar(20) NOT NULL, "reservation_id" varchar(50) NOT NULL, "instance_id" varchar(50) NOT NULL); (params [])
2014-10-01 16:20:40 +0000 (GMT) DEBUG:django.db.backends.schema:CREATE TABLE "vimma_awsvmconfig" ("id" integer NOT NULL PRIMARY KEY AUTOINCREMENT, "ami_id" varchar(50) NOT NULL, "instance_type" varchar(50) NOT NULL); (params [])
2014-10-01 16:20:40 +0000 (GMT) DEBUG:django.db.backends.schema:CREATE TABLE "vimma_dummyprovider" ("id" integer NOT NULL PRIMARY KEY AUTOINCREMENT); (params [])
2014-10-01 16:20:40 +0000 (GMT) DEBUG:django.db.backends.schema:CREATE TABLE "vimma_dummyvm" ("id" integer NOT NULL PRIMARY KEY AUTOINCREMENT, "name" varchar(50) NOT NULL, "status" varchar(50) NOT NULL, "destroyed" bool NOT NULL, "poweredon" bool NOT NULL); (params [])
2014-10-01 16:20:40 +0000 (GMT) DEBUG:django.db.backends.schema:CREATE TABLE "vimma_dummyvmconfig" ("id" integer NOT NULL PRIMARY KEY AUTOINCREMENT); (params [])
2014-10-01 16:20:40 +0000 (GMT) DEBUG:django.db.backends.schema:CREATE TABLE "vimma_permission" ("id" integer NOT NULL PRIMARY KEY AUTOINCREMENT, "name" varchar(100) NOT NULL UNIQUE); (params [])
2014-10-01 16:20:40 +0000 (GMT) DEBUG:django.db.backends.schema:CREATE TABLE "vimma_profile" ("id" integer NOT NULL PRIMARY KEY AUTOINCREMENT); (params [])
2014-10-01 16:20:40 +0000 (GMT) DEBUG:django.db.backends.schema:CREATE TABLE "vimma_project" ("id" integer NOT NULL PRIMARY KEY AUTOINCREMENT, "name" varchar(100) NOT NULL UNIQUE, "email" varchar(75) NOT NULL); (params [])
2014-10-01 16:20:40 +0000 (GMT) DEBUG:django.db.backends.schema:CREATE TABLE "vimma_provider" ("id" integer NOT NULL PRIMARY KEY AUTOINCREMENT, "name" varchar(50) NOT NULL UNIQUE, "type" varchar(20) NOT NULL); (params [])
2014-10-01 16:20:41 +0000 (GMT) DEBUG:django.db.backends.schema:CREATE TABLE "vimma_role" ("id" integer NOT NULL PRIMARY KEY AUTOINCREMENT, "name" varchar(20) NOT NULL UNIQUE); (params [])
2014-10-01 16:20:41 +0000 (GMT) DEBUG:django.db.backends.schema:CREATE TABLE "vimma_role_permissions" ("id" integer NOT NULL PRIMARY KEY AUTOINCREMENT, "role_id" integer NOT NULL REFERENCES "vimma_role" ("id"), "permission_id" integer NOT NULL REFERENCES "vimma_permission" ("id"), UNIQUE ("role_id", "permission_id")); (params [])
2014-10-01 16:20:41 +0000 (GMT) DEBUG:django.db.backends.schema:CREATE TABLE "vimma_schedule" ("id" integer NOT NULL PRIMARY KEY AUTOINCREMENT, "name" varchar(50) NOT NULL UNIQUE, "matrix" text NOT NULL, "is_special" bool NOT NULL); (params [])
2014-10-01 16:20:41 +0000 (GMT) DEBUG:django.db.backends.schema:CREATE TABLE "vimma_timezone" ("id" integer NOT NULL PRIMARY KEY AUTOINCREMENT, "name" varchar(100) NOT NULL UNIQUE); (params [])
2014-10-01 16:20:41 +0000 (GMT) DEBUG:django.db.backends.schema:CREATE TABLE "vimma_vm" ("id" integer NOT NULL PRIMARY KEY AUTOINCREMENT, "project_id" integer NOT NULL REFERENCES "vimma_project" ("id"), "provider_id" integer NOT NULL REFERENCES "vimma_provider" ("id"), "schedule_id" integer NOT NULL REFERENCES "vimma_schedule" ("id")); (params [])
2014-10-01 16:20:41 +0000 (GMT) DEBUG:django.db.backends.schema:CREATE TABLE "vimma_vmconfig" ("id" integer NOT NULL PRIMARY KEY AUTOINCREMENT, "name" varchar(50) NOT NULL UNIQUE, "requires_permission" bool NOT NULL, "default_schedule_id" integer NOT NULL REFERENCES "vimma_schedule" ("id"), "provider_id" integer NOT NULL REFERENCES "vimma_provider" ("id")); (params [])
2014-10-01 16:20:41 +0000 (GMT) DEBUG:django.db.backends.schema:CREATE TABLE "vimma_schedule__new" ("id" integer NOT NULL PRIMARY KEY AUTOINCREMENT, "name" varchar(50) NOT NULL UNIQUE, "matrix" text NOT NULL, "is_special" bool NOT NULL, "timezone_id" integer NOT NULL REFERENCES "vimma_timezone" ("id")); (params [])
2014-10-01 16:20:41 +0000 (GMT) DEBUG:django.db.backends.schema:INSERT INTO "vimma_schedule__new" ("is_special", "name", "id", "matrix") SELECT "is_special", "name", "id", "matrix" FROM "vimma_schedule"; (params [])
2014-10-01 16:20:41 +0000 (GMT) DEBUG:django.db.backends.schema:DROP TABLE "vimma_schedule"; (params [])
2014-10-01 16:20:41 +0000 (GMT) DEBUG:django.db.backends.schema:ALTER TABLE "vimma_schedule__new" RENAME TO "vimma_schedule"; (params [])
2014-10-01 16:20:41 +0000 (GMT) DEBUG:django.db.backends.schema:CREATE INDEX vimma_role_permissions_84566833 ON "vimma_role_permissions" ("role_id"); (params [])
2014-10-01 16:20:41 +0000 (GMT) DEBUG:django.db.backends.schema:CREATE INDEX vimma_role_permissions_8373b171 ON "vimma_role_permissions" ("permission_id"); (params [])
2014-10-01 16:20:41 +0000 (GMT) DEBUG:django.db.backends.schema:CREATE INDEX vimma_vm_b098ad43 ON "vimma_vm" ("project_id"); (params [])
2014-10-01 16:20:41 +0000 (GMT) DEBUG:django.db.backends.schema:CREATE INDEX vimma_vm_32ca2ddc ON "vimma_vm" ("provider_id"); (params [])
2014-10-01 16:20:41 +0000 (GMT) DEBUG:django.db.backends.schema:CREATE INDEX vimma_vm_9bc70bb9 ON "vimma_vm" ("schedule_id"); (params [])
2014-10-01 16:20:41 +0000 (GMT) DEBUG:django.db.backends.schema:CREATE INDEX vimma_vmconfig_c204f344 ON "vimma_vmconfig" ("default_schedule_id"); (params [])
2014-10-01 16:20:41 +0000 (GMT) DEBUG:django.db.backends.schema:CREATE INDEX vimma_vmconfig_32ca2ddc ON "vimma_vmconfig" ("provider_id"); (params [])
2014-10-01 16:20:41 +0000 (GMT) DEBUG:django.db.backends.schema:CREATE INDEX vimma_schedule_14502235 ON "vimma_schedule" ("timezone_id"); (params [])
2014-10-01 16:20:41 +0000 (GMT) DEBUG:django.db.backends.schema:CREATE TABLE "vimma_profile_projects" ("id" integer NOT NULL PRIMARY KEY AUTOINCREMENT, "profile_id" integer NOT NULL REFERENCES "vimma_profile" ("id"), "project_id" integer NOT NULL REFERENCES "vimma_project" ("id"), UNIQUE ("profile_id", "project_id")); (params [])
2014-10-01 16:20:41 +0000 (GMT) DEBUG:django.db.backends.schema:CREATE TABLE "vimma_profile_roles" ("id" integer NOT NULL PRIMARY KEY AUTOINCREMENT, "profile_id" integer NOT NULL REFERENCES "vimma_profile" ("id"), "role_id" integer NOT NULL REFERENCES "vimma_role" ("id"), UNIQUE ("profile_id", "role_id")); (params [])
2014-10-01 16:20:41 +0000 (GMT) DEBUG:django.db.backends.schema:CREATE TABLE "vimma_profile__new" ("id" integer NOT NULL PRIMARY KEY AUTOINCREMENT, "user_id" integer NOT NULL UNIQUE REFERENCES "auth_user" ("id")); (params [])
2014-10-01 16:20:41 +0000 (GMT) DEBUG:django.db.backends.schema:INSERT INTO "vimma_profile__new" ("id") SELECT "id" FROM "vimma_profile"; (params [])
2014-10-01 16:20:41 +0000 (GMT) DEBUG:django.db.backends.schema:DROP TABLE "vimma_profile"; (params [])
2014-10-01 16:20:41 +0000 (GMT) DEBUG:django.db.backends.schema:ALTER TABLE "vimma_profile__new" RENAME TO "vimma_profile"; (params [])
2014-10-01 16:20:41 +0000 (GMT) DEBUG:django.db.backends.schema:CREATE TABLE "vimma_dummyvmconfig__new" ("id" integer NOT NULL PRIMARY KEY AUTOINCREMENT, "vmconfig_id" integer NOT NULL UNIQUE REFERENCES "vimma_vmconfig" ("id")); (params [])
2014-10-01 16:20:41 +0000 (GMT) DEBUG:django.db.backends.schema:INSERT INTO "vimma_dummyvmconfig__new" ("id") SELECT "id" FROM "vimma_dummyvmconfig"; (params [])
2014-10-01 16:20:41 +0000 (GMT) DEBUG:django.db.backends.schema:DROP TABLE "vimma_dummyvmconfig"; (params [])
2014-10-01 16:20:41 +0000 (GMT) DEBUG:django.db.backends.schema:ALTER TABLE "vimma_dummyvmconfig__new" RENAME TO "vimma_dummyvmconfig"; (params [])
2014-10-01 16:20:41 +0000 (GMT) DEBUG:django.db.backends.schema:CREATE TABLE "vimma_dummyvm__new" ("id" integer NOT NULL PRIMARY KEY AUTOINCREMENT, "name" varchar(50) NOT NULL, "status" varchar(50) NOT NULL, "destroyed" bool NOT NULL, "poweredon" bool NOT NULL, "vm_id" integer NOT NULL UNIQUE REFERENCES "vimma_vm" ("id")); (params [])
2014-10-01 16:20:41 +0000 (GMT) DEBUG:django.db.backends.schema:INSERT INTO "vimma_dummyvm__new" ("status", "name", "id", "destroyed", "poweredon") SELECT "status", "name", "id", "destroyed", "poweredon" FROM "vimma_dummyvm"; (params [])
2014-10-01 16:20:41 +0000 (GMT) DEBUG:django.db.backends.schema:DROP TABLE "vimma_dummyvm"; (params [])
2014-10-01 16:20:41 +0000 (GMT) DEBUG:django.db.backends.schema:ALTER TABLE "vimma_dummyvm__new" RENAME TO "vimma_dummyvm"; (params [])
2014-10-01 16:20:41 +0000 (GMT) DEBUG:django.db.backends.schema:CREATE TABLE "vimma_dummyprovider__new" ("id" integer NOT NULL PRIMARY KEY AUTOINCREMENT, "provider_id" integer NOT NULL UNIQUE REFERENCES "vimma_provider" ("id")); (params [])
2014-10-01 16:20:41 +0000 (GMT) DEBUG:django.db.backends.schema:INSERT INTO "vimma_dummyprovider__new" ("id") SELECT "id" FROM "vimma_dummyprovider"; (params [])
2014-10-01 16:20:41 +0000 (GMT) DEBUG:django.db.backends.schema:DROP TABLE "vimma_dummyprovider"; (params [])
2014-10-01 16:20:41 +0000 (GMT) DEBUG:django.db.backends.schema:ALTER TABLE "vimma_dummyprovider__new" RENAME TO "vimma_dummyprovider"; (params [])
2014-10-01 16:20:41 +0000 (GMT) DEBUG:django.db.backends.schema:CREATE TABLE "vimma_awsvmconfig__new" ("id" integer NOT NULL PRIMARY KEY AUTOINCREMENT, "ami_id" varchar(50) NOT NULL, "instance_type" varchar(50) NOT NULL, "vmconfig_id" integer NOT NULL UNIQUE REFERENCES "vimma_vmconfig" ("id")); (params [])
2014-10-01 16:20:41 +0000 (GMT) DEBUG:django.db.backends.schema:INSERT INTO "vimma_awsvmconfig__new" ("id", "instance_type", "ami_id") SELECT "id", "instance_type", "ami_id" FROM "vimma_awsvmconfig"; (params [])
2014-10-01 16:20:41 +0000 (GMT) DEBUG:django.db.backends.schema:DROP TABLE "vimma_awsvmconfig"; (params [])
2014-10-01 16:20:41 +0000 (GMT) DEBUG:django.db.backends.schema:ALTER TABLE "vimma_awsvmconfig__new" RENAME TO "vimma_awsvmconfig"; (params [])
2014-10-01 16:20:41 +0000 (GMT) DEBUG:django.db.backends.schema:CREATE TABLE "vimma_awsvm__new" ("id" integer NOT NULL PRIMARY KEY AUTOINCREMENT, "status" varchar(100) NOT NULL, "region" varchar(20) NOT NULL, "reservation_id" varchar(50) NOT NULL, "instance_id" varchar(50) NOT NULL, "vm_id" integer NOT NULL UNIQUE REFERENCES "vimma_vm" ("id")); (params [])
2014-10-01 16:20:41 +0000 (GMT) DEBUG:django.db.backends.schema:INSERT INTO "vimma_awsvm__new" ("reservation_id", "status", "region", "id", "instance_id") SELECT "reservation_id", "status", "region", "id", "instance_id" FROM "vimma_awsvm"; (params [])
2014-10-01 16:20:41 +0000 (GMT) DEBUG:django.db.backends.schema:DROP TABLE "vimma_awsvm"; (params [])
2014-10-01 16:20:41 +0000 (GMT) DEBUG:django.db.backends.schema:ALTER TABLE "vimma_awsvm__new" RENAME TO "vimma_awsvm"; (params [])
2014-10-01 16:20:41 +0000 (GMT) DEBUG:django.db.backends.schema:CREATE TABLE "vimma_awsprovider__new" ("id" integer NOT NULL PRIMARY KEY AUTOINCREMENT, "access_key_id" varchar(100) NOT NULL, "access_key_secret" varchar(100) NOT NULL, "provider_id" integer NOT NULL UNIQUE REFERENCES "vimma_provider" ("id")); (params [])
2014-10-01 16:20:41 +0000 (GMT) DEBUG:django.db.backends.schema:INSERT INTO "vimma_awsprovider__new" ("access_key_id", "id", "access_key_secret") SELECT "access_key_id", "id", "access_key_secret" FROM "vimma_awsprovider"; (params [])
2014-10-01 16:20:41 +0000 (GMT) DEBUG:django.db.backends.schema:DROP TABLE "vimma_awsprovider"; (params [])
2014-10-01 16:20:41 +0000 (GMT) DEBUG:django.db.backends.schema:ALTER TABLE "vimma_awsprovider__new" RENAME TO "vimma_awsprovider"; (params [])
2014-10-01 16:20:44 +0000 (GMT) DEBUG:django.db.backends.schema:CREATE TABLE "django_migrations" ("id" integer NOT NULL PRIMARY KEY AUTOINCREMENT, "app" varchar(255) NOT NULL, "name" varchar(255) NOT NULL, "applied" datetime NOT NULL); (params [])
2014-10-01 16:20:44 +0000 (GMT) DEBUG:django.db.backends.schema:CREATE TABLE "django_content_type" ("id" integer NOT NULL PRIMARY KEY AUTOINCREMENT, "name" varchar(100) NOT NULL, "app_label" varchar(100) NOT NULL, "model" varchar(100) NOT NULL); (params [])
2014-10-01 16:20:44 +0000 (GMT) DEBUG:django.db.backends.schema:CREATE TABLE "django_content_type__new" ("id" integer NOT NULL PRIMARY KEY AUTOINCREMENT, "name" varchar(100) NOT NULL, "app_label" varchar(100) NOT NULL, "model" varchar(100) NOT NULL, UNIQUE ("app_label", "model")); (params [])
2014-10-01 16:20:44 +0000 (GMT) DEBUG:django.db.backends.schema:INSERT INTO "django_content_type__new" ("name", "id", "model", "app_label") SELECT "name", "id", "model", "app_label" FROM "django_content_type"; (params [])
2014-10-01 16:20:44 +0000 (GMT) DEBUG:django.db.backends.schema:DROP TABLE "django_content_type"; (params [])
2014-10-01 16:20:44 +0000 (GMT) DEBUG:django.db.backends.schema:ALTER TABLE "django_content_type__new" RENAME TO "django_content_type"; (params [])
2014-10-01 16:20:44 +0000 (GMT) DEBUG:django.db.backends.schema:CREATE TABLE "auth_permission" ("id" integer NOT NULL PRIMARY KEY AUTOINCREMENT, "name" varchar(50) NOT NULL, "content_type_id" integer NOT NULL REFERENCES "django_content_type" ("id"), "codename" varchar(100) NOT NULL, UNIQUE ("content_type_id", "codename")); (params [])
2014-10-01 16:20:44 +0000 (GMT) DEBUG:django.db.backends.schema:CREATE TABLE "auth_group" ("id" integer NOT NULL PRIMARY KEY AUTOINCREMENT, "name" varchar(80) NOT NULL UNIQUE); (params [])
2014-10-01 16:20:44 +0000 (GMT) DEBUG:django.db.backends.schema:CREATE TABLE "auth_group_permissions" ("id" integer NOT NULL PRIMARY KEY AUTOINCREMENT, "group_id" integer NOT NULL REFERENCES "auth_group" ("id"), "permission_id" integer NOT NULL REFERENCES "auth_permission" ("id"), UNIQUE ("group_id", "permission_id")); (params [])
2014-10-01 16:20:44 +0000 (GMT) DEBUG:django.db.backends.schema:CREATE TABLE "auth_user" ("id" integer NOT NULL PRIMARY KEY AUTOINCREMENT, "password" varchar(128) NOT NULL, "last_login" datetime NOT NULL, "is_superuser" bool NOT NULL, "username" varchar(30) NOT NULL UNIQUE, "first_name" varchar(30) NOT NULL, "last_name" varchar(30) NOT NULL, "email" varchar(75) NOT NULL, "is_staff" bool NOT NULL, "is_active" bool NOT NULL, "date_joined" datetime NOT NULL); (params [])
2014-10-01 16:20:44 +0000 (GMT) DEBUG:django.db.backends.schema:CREATE TABLE "auth_user_groups" ("id" integer NOT NULL PRIMARY KEY AUTOINCREMENT, "user_id" integer NOT NULL REFERENCES "auth_user" ("id"), "group_id" integer NOT NULL REFERENCES "auth_group" ("id"), UNIQUE ("user_id", "group_id")); (params [])
2014-10-01 16:20:44 +0000 (GMT) DEBUG:django.db.backends.schema:CREATE TABLE "auth_user_user_permissions" ("id" integer NOT NULL PRIMARY KEY AUTOINCREMENT, "user_id" integer NOT NULL REFERENCES "auth_user" ("id"), "permission_id" integer NOT NULL REFERENCES "auth_permission" ("id"), UNIQUE ("user_id", "permission_id")); (params [])
2014-10-01 16:20:44 +0000 (GMT) DEBUG:django.db.backends.schema:CREATE INDEX auth_permission_417f1b1c ON "auth_permission" ("content_type_id"); (params [])
2014-10-01 16:20:44 +0000 (GMT) DEBUG:django.db.backends.schema:CREATE INDEX auth_group_permissions_0e939a4f ON "auth_group_permissions" ("group_id"); (params [])
2014-10-01 16:20:44 +0000 (GMT) DEBUG:django.db.backends.schema:CREATE INDEX auth_group_permissions_8373b171 ON "auth_group_permissions" ("permission_id"); (params [])
2014-10-01 16:20:44 +0000 (GMT) DEBUG:django.db.backends.schema:CREATE INDEX auth_user_groups_e8701ad4 ON "auth_user_groups" ("user_id"); (params [])
2014-10-01 16:20:44 +0000 (GMT) DEBUG:django.db.backends.schema:CREATE INDEX auth_user_groups_0e939a4f ON "auth_user_groups" ("group_id"); (params [])
2014-10-01 16:20:44 +0000 (GMT) DEBUG:django.db.backends.schema:CREATE INDEX auth_user_user_permissions_e8701ad4 ON "auth_user_user_permissions" ("user_id"); (params [])
2014-10-01 16:20:44 +0000 (GMT) DEBUG:django.db.backends.schema:CREATE INDEX auth_user_user_permissions_8373b171 ON "auth_user_user_permissions" ("permission_id"); (params [])
2014-10-01 16:20:44 +0000 (GMT) DEBUG:django.db.backends.schema:CREATE TABLE "django_admin_log" ("id" integer NOT NULL PRIMARY KEY AUTOINCREMENT, "action_time" datetime NOT NULL, "object_id" text NULL, "object_repr" varchar(200) NOT NULL, "action_flag" smallint unsigned NOT NULL, "change_message" text NOT NULL, "content_type_id" integer NULL REFERENCES "django_content_type" ("id"), "user_id" integer NOT NULL REFERENCES "auth_user" ("id")); (params [])
2014-10-01 16:20:44 +0000 (GMT) DEBUG:django.db.backends.schema:CREATE INDEX django_admin_log_417f1b1c ON "django_admin_log" ("content_type_id"); (params [])
2014-10-01 16:20:44 +0000 (GMT) DEBUG:django.db.backends.schema:CREATE INDEX django_admin_log_e8701ad4 ON "django_admin_log" ("user_id"); (params [])
2014-10-01 16:20:44 +0000 (GMT) DEBUG:django.db.backends.schema:CREATE TABLE "django_session" ("session_key" varchar(40) NOT NULL PRIMARY KEY, "session_data" text NOT NULL, "expire_date" datetime NOT NULL); (params [])
2014-10-01 16:20:44 +0000 (GMT) DEBUG:django.db.backends.schema:CREATE INDEX django_session_de54fa62 ON "django_session" ("expire_date"); (params [])
2014-10-01 16:20:44 +0000 (GMT) DEBUG:django.db.backends.schema:CREATE TABLE "vimma_awsprovider" ("id" integer NOT NULL PRIMARY KEY AUTOINCREMENT, "access_key_id" varchar(100) NOT NULL, "access_key_secret" varchar(100) NOT NULL); (params [])
2014-10-01 16:20:44 +0000 (GMT) DEBUG:django.db.backends.schema:CREATE TABLE "vimma_awsvm" ("id" integer NOT NULL PRIMARY KEY AUTOINCREMENT, "status" varchar(100) NOT NULL, "region" varchar(20) NOT NULL, "reservation_id" varchar(50) NOT NULL, "instance_id" varchar(50) NOT NULL); (params [])
2014-10-01 16:20:44 +0000 (GMT) DEBUG:django.db.backends.schema:CREATE TABLE "vimma_awsvmconfig" ("id" integer NOT NULL PRIMARY KEY AUTOINCREMENT, "ami_id" varchar(50) NOT NULL, "instance_type" varchar(50) NOT NULL); (params [])
2014-10-01 16:20:44 +0000 (GMT) DEBUG:django.db.backends.schema:CREATE TABLE "vimma_dummyprovider" ("id" integer NOT NULL PRIMARY KEY AUTOINCREMENT); (params [])
2014-10-01 16:20:44 +0000 (GMT) DEBUG:django.db.backends.schema:CREATE TABLE "vimma_dummyvm" ("id" integer NOT NULL PRIMARY KEY AUTOINCREMENT, "name" varchar(50) NOT NULL, "status" varchar(50) NOT NULL, "destroyed" bool NOT NULL, "poweredon" bool NOT NULL); (params [])
2014-10-01 16:20:44 +0000 (GMT) DEBUG:django.db.backends.schema:CREATE TABLE "vimma_dummyvmconfig" ("id" integer NOT NULL PRIMARY KEY AUTOINCREMENT); (params [])
2014-10-01 16:20:44 +0000 (GMT) DEBUG:django.db.backends.schema:CREATE TABLE "vimma_permission" ("id" integer NOT NULL PRIMARY KEY AUTOINCREMENT, "name" varchar(100) NOT NULL UNIQUE); (params [])
2014-10-01 16:20:44 +0000 (GMT) DEBUG:django.db.backends.schema:CREATE TABLE "vimma_profile" ("id" integer NOT NULL PRIMARY KEY AUTOINCREMENT); (params [])
2014-10-01 16:20:44 +0000 (GMT) DEBUG:django.db.backends.schema:CREATE TABLE "vimma_project" ("id" integer NOT NULL PRIMARY KEY AUTOINCREMENT, "name" varchar(100) NOT NULL UNIQUE, "email" varchar(75) NOT NULL); (params [])
2014-10-01 16:20:44 +0000 (GMT) DEBUG:django.db.backends.schema:CREATE TABLE "vimma_provider" ("id" integer NOT NULL PRIMARY KEY AUTOINCREMENT, "name" varchar(50) NOT NULL UNIQUE, "type" varchar(20) NOT NULL); (params [])
2014-10-01 16:20:44 +0000 (GMT) DEBUG:django.db.backends.schema:CREATE TABLE "vimma_role" ("id" integer NOT NULL PRIMARY KEY AUTOINCREMENT, "name" varchar(20) NOT NULL UNIQUE); (params [])
2014-10-01 16:20:44 +0000 (GMT) DEBUG:django.db.backends.schema:CREATE TABLE "vimma_role_permissions" ("id" integer NOT NULL PRIMARY KEY AUTOINCREMENT, "role_id" integer NOT NULL REFERENCES "vimma_role" ("id"), "permission_id" integer NOT NULL REFERENCES "vimma_permission" ("id"), UNIQUE ("role_id", "permission_id")); (params [])
2014-10-01 16:20:44 +0000 (GMT) DEBUG:django.db.backends.schema:CREATE TABLE "vimma_schedule" ("id" integer NOT NULL PRIMARY KEY AUTOINCREMENT, "name" varchar(50) NOT NULL UNIQUE, "matrix" text NOT NULL, "is_special" bool NOT NULL); (params [])
2014-10-01 16:20:44 +0000 (GMT) DEBUG:django.db.backends.schema:CREATE TABLE "vimma_timezone" ("id" integer NOT NULL PRIMARY KEY AUTOINCREMENT, "name" varchar(100) NOT NULL UNIQUE); (params [])
2014-10-01 16:20:44 +0000 (GMT) DEBUG:django.db.backends.schema:CREATE TABLE "vimma_vm" ("id" integer NOT NULL PRIMARY KEY AUTOINCREMENT, "project_id" integer NOT NULL REFERENCES "vimma_project" ("id"), "provider_id" integer NOT NULL REFERENCES "vimma_provider" ("id"), "schedule_id" integer NOT NULL REFERENCES "vimma_schedule" ("id")); (params [])
2014-10-01 16:20:44 +0000 (GMT) DEBUG:django.db.backends.schema:CREATE TABLE "vimma_vmconfig" ("id" integer NOT NULL PRIMARY KEY AUTOINCREMENT, "name" varchar(50) NOT NULL UNIQUE, "requires_permission" bool NOT NULL, "default_schedule_id" integer NOT NULL REFERENCES "vimma_schedule" ("id"), "provider_id" integer NOT NULL REFERENCES "vimma_provider" ("id")); (params [])
2014-10-01 16:20:44 +0000 (GMT) DEBUG:django.db.backends.schema:CREATE TABLE "vimma_schedule__new" ("id" integer NOT NULL PRIMARY KEY AUTOINCREMENT, "name" varchar(50) NOT NULL UNIQUE, "matrix" text NOT NULL, "is_special" bool NOT NULL, "timezone_id" integer NOT NULL REFERENCES "vimma_timezone" ("id")); (params [])
2014-10-01 16:20:44 +0000 (GMT) DEBUG:django.db.backends.schema:INSERT INTO "vimma_schedule__new" ("name", "id", "matrix", "is_special") SELECT "name", "id", "matrix", "is_special" FROM "vimma_schedule"; (params [])
2014-10-01 16:20:44 +0000 (GMT) DEBUG:django.db.backends.schema:DROP TABLE "vimma_schedule"; (params [])
2014-10-01 16:20:44 +0000 (GMT) DEBUG:django.db.backends.schema:ALTER TABLE "vimma_schedule__new" RENAME TO "vimma_schedule"; (params [])
2014-10-01 16:20:44 +0000 (GMT) DEBUG:django.db.backends.schema:CREATE INDEX vimma_role_permissions_84566833 ON "vimma_role_permissions" ("role_id"); (params [])
2014-10-01 16:20:44 +0000 (GMT) DEBUG:django.db.backends.schema:CREATE INDEX vimma_role_permissions_8373b171 ON "vimma_role_permissions" ("permission_id"); (params [])
2014-10-01 16:20:44 +0000 (GMT) DEBUG:django.db.backends.schema:CREATE INDEX vimma_vm_b098ad43 ON "vimma_vm" ("project_id"); (params [])
2014-10-01 16:20:44 +0000 (GMT) DEBUG:django.db.backends.schema:CREATE INDEX vimma_vm_32ca2ddc ON "vimma_vm" ("provider_id"); (params [])
2014-10-01 16:20:44 +0000 (GMT) DEBUG:django.db.backends.schema:CREATE INDEX vimma_vm_9bc70bb9 ON "vimma_vm" ("schedule_id"); (params [])
2014-10-01 16:20:44 +0000 (GMT) DEBUG:django.db.backends.schema:CREATE INDEX vimma_vmconfig_c204f344 ON "vimma_vmconfig" ("default_schedule_id"); (params [])
2014-10-01 16:20:44 +0000 (GMT) DEBUG:django.db.backends.schema:CREATE INDEX vimma_vmconfig_32ca2ddc ON "vimma_vmconfig" ("provider_id"); (params [])
2014-10-01 16:20:44 +0000 (GMT) DEBUG:django.db.backends.schema:CREATE INDEX vimma_schedule_14502235 ON "vimma_schedule" ("timezone_id"); (params [])
2014-10-01 16:20:44 +0000 (GMT) DEBUG:django.db.backends.schema:CREATE TABLE "vimma_profile_projects" ("id" integer NOT NULL PRIMARY KEY AUTOINCREMENT, "profile_id" integer NOT NULL REFERENCES "vimma_profile" ("id"), "project_id" integer NOT NULL REFERENCES "vimma_project" ("id"), UNIQUE ("profile_id", "project_id")); (params [])
2014-10-01 16:20:44 +0000 (GMT) DEBUG:django.db.backends.schema:CREATE TABLE "vimma_profile_roles" ("id" integer NOT NULL PRIMARY KEY AUTOINCREMENT, "profile_id" integer NOT NULL REFERENCES "vimma_profile" ("id"), "role_id" integer NOT NULL REFERENCES "vimma_role" ("id"), UNIQUE ("profile_id", "role_id")); (params [])
2014-10-01 16:20:44 +0000 (GMT) DEBUG:django.db.backends.schema:CREATE TABLE "vimma_profile__new" ("id" integer NOT NULL PRIMARY KEY AUTOINCREMENT, "user_id" integer NOT NULL UNIQUE REFERENCES "auth_user" ("id")); (params [])
2014-10-01 16:20:44 +0000 (GMT) DEBUG:django.db.backends.schema:INSERT INTO "vimma_profile__new" ("id") SELECT "id" FROM "vimma_profile"; (params [])
2014-10-01 16:20:44 +0000 (GMT) DEBUG:django.db.backends.schema:DROP TABLE "vimma_profile"; (params [])
2014-10-01 16:20:44 +0000 (GMT) DEBUG:django.db.backends.schema:ALTER TABLE "vimma_profile__new" RENAME TO "vimma_profile"; (params [])
2014-10-01 16:20:44 +0000 (GMT) DEBUG:django.db.backends.schema:CREATE TABLE "vimma_dummyvmconfig__new" ("id" integer NOT NULL PRIMARY KEY AUTOINCREMENT, "vmconfig_id" integer NOT NULL UNIQUE REFERENCES "vimma_vmconfig" ("id")); (params [])
2014-10-01 16:20:44 +0000 (GMT) DEBUG:django.db.backends.schema:INSERT INTO "vimma_dummyvmconfig__new" ("id") SELECT "id" FROM "vimma_dummyvmconfig"; (params [])
2014-10-01 16:20:44 +0000 (GMT) DEBUG:django.db.backends.schema:DROP TABLE "vimma_dummyvmconfig"; (params [])
2014-10-01 16:20:44 +0000 (GMT) DEBUG:django.db.backends.schema:ALTER TABLE "vimma_dummyvmconfig__new" RENAME TO "vimma_dummyvmconfig"; (params [])
2014-10-01 16:20:44 +0000 (GMT) DEBUG:django.db.backends.schema:CREATE TABLE "vimma_dummyvm__new" ("id" integer NOT NULL PRIMARY KEY AUTOINCREMENT, "name" varchar(50) NOT NULL, "status" varchar(50) NOT NULL, "destroyed" bool NOT NULL, "poweredon" bool NOT NULL, "vm_id" integer NOT NULL UNIQUE REFERENCES "vimma_vm" ("id")); (params [])
2014-10-01 16:20:44 +0000 (GMT) DEBUG:django.db.backends.schema:INSERT INTO "vimma_dummyvm__new" ("name", "id", "status", "destroyed", "poweredon") SELECT "name", "id", "status", "destroyed", "poweredon" FROM "vimma_dummyvm"; (params [])
2014-10-01 16:20:44 +0000 (GMT) DEBUG:django.db.backends.schema:DROP TABLE "vimma_dummyvm"; (params [])
2014-10-01 16:20:44 +0000 (GMT) DEBUG:django.db.backends.schema:ALTER TABLE "vimma_dummyvm__new" RENAME TO "vimma_dummyvm"; (params [])
2014-10-01 16:20:44 +0000 (GMT) DEBUG:django.db.backends.schema:CREATE TABLE "vimma_dummyprovider__new" ("id" integer NOT NULL PRIMARY KEY AUTOINCREMENT, "provider_id" integer NOT NULL UNIQUE REFERENCES "vimma_provider" ("id")); (params [])
2014-10-01 16:20:44 +0000 (GMT) DEBUG:django.db.backends.schema:INSERT INTO "vimma_dummyprovider__new" ("id") SELECT "id" FROM "vimma_dummyprovider"; (params [])
2014-10-01 16:20:44 +0000 (GMT) DEBUG:django.db.backends.schema:DROP TABLE "vimma_dummyprovider"; (params [])
2014-10-01 16:20:44 +0000 (GMT) DEBUG:django.db.backends.schema:ALTER TABLE "vimma_dummyprovider__new" RENAME TO "vimma_dummyprovider"; (params [])
2014-10-01 16:20:44 +0000 (GMT) DEBUG:django.db.backends.schema:CREATE TABLE "vimma_awsvmconfig__new" ("id" integer NOT NULL PRIMARY KEY AUTOINCREMENT, "ami_id" varchar(50) NOT NULL, "instance_type" varchar(50) NOT NULL, "vmconfig_id" integer NOT NULL UNIQUE REFERENCES "vimma_vmconfig" ("id")); (params [])
2014-10-01 16:20:44 +0000 (GMT) DEBUG:django.db.backends.schema:INSERT INTO "vimma_awsvmconfig__new" ("id", "instance_type", "ami_id") SELECT "id", "instance_type", "ami_id" FROM "vimma_awsvmconfig"; (params [])
2014-10-01 16:20:44 +0000 (GMT) DEBUG:django.db.backends.schema:DROP TABLE "vimma_awsvmconfig"; (params [])
2014-10-01 16:20:44 +0000 (GMT) DEBUG:django.db.backends.schema:ALTER TABLE "vimma_awsvmconfig__new" RENAME TO "vimma_awsvmconfig"; (params [])
2014-10-01 16:20:44 +0000 (GMT) DEBUG:django.db.backends.schema:CREATE TABLE "vimma_awsvm__new" ("id" integer NOT NULL PRIMARY KEY AUTOINCREMENT, "status" varchar(100) NOT NULL, "region" varchar(20) NOT NULL, "reservation_id" varchar(50) NOT NULL, "instance_id" varchar(50) NOT NULL, "vm_id" integer NOT NULL UNIQUE REFERENCES "vimma_vm" ("id")); (params [])
2014-10-01 16:20:44 +0000 (GMT) DEBUG:django.db.backends.schema:INSERT INTO "vimma_awsvm__new" ("instance_id", "id", "status", "region", "reservation_id") SELECT "instance_id", "id", "status", "region", "reservation_id" FROM "vimma_awsvm"; (params [])
2014-10-01 16:20:44 +0000 (GMT) DEBUG:django.db.backends.schema:DROP TABLE "vimma_awsvm"; (params [])
2014-10-01 16:20:44 +0000 (GMT) DEBUG:django.db.backends.schema:ALTER TABLE "vimma_awsvm__new" RENAME TO "vimma_awsvm"; (params [])
2014-10-01 16:20:44 +0000 (GMT) DEBUG:django.db.backends.schema:CREATE TABLE "vimma_awsprovider__new" ("id" integer NOT NULL PRIMARY KEY AUTOINCREMENT, "access_key_id" varchar(100) NOT NULL, "access_key_secret" varchar(100) NOT NULL, "provider_id" integer NOT NULL UNIQUE REFERENCES "vimma_provider" ("id")); (params [])
2014-10-01 16:20:44 +0000 (GMT) DEBUG:django.db.backends.schema:INSERT INTO "vimma_awsprovider__new" ("id", "access_key_secret", "access_key_id") SELECT "id", "access_key_secret", "access_key_id" FROM "vimma_awsprovider"; (params [])
2014-10-01 16:20:44 +0000 (GMT) DEBUG:django.db.backends.schema:DROP TABLE "vimma_awsprovider"; (params [])
2014-10-01 16:20:44 +0000 (GMT) DEBUG:django.db.backends.schema:ALTER TABLE "vimma_awsprovider__new" RENAME TO "vimma_awsprovider"; (params [])
2014-10-01 16:21:10 +0000 (GMT) DEBUG:django.db.backends.schema:CREATE TABLE "django_migrations" ("id" integer NOT NULL PRIMARY KEY AUTOINCREMENT, "app" varchar(255) NOT NULL, "name" varchar(255) NOT NULL, "applied" datetime NOT NULL); (params [])
2014-10-01 16:21:10 +0000 (GMT) DEBUG:django.db.backends.schema:CREATE TABLE "django_content_type" ("id" integer NOT NULL PRIMARY KEY AUTOINCREMENT, "name" varchar(100) NOT NULL, "app_label" varchar(100) NOT NULL, "model" varchar(100) NOT NULL); (params [])
2014-10-01 16:21:10 +0000 (GMT) DEBUG:django.db.backends.schema:CREATE TABLE "django_content_type__new" ("id" integer NOT NULL PRIMARY KEY AUTOINCREMENT, "name" varchar(100) NOT NULL, "app_label" varchar(100) NOT NULL, "model" varchar(100) NOT NULL, UNIQUE ("app_label", "model")); (params [])
2014-10-01 16:21:10 +0000 (GMT) DEBUG:django.db.backends.schema:INSERT INTO "django_content_type__new" ("id", "model", "name", "app_label") SELECT "id", "model", "name", "app_label" FROM "django_content_type"; (params [])
2014-10-01 16:21:10 +0000 (GMT) DEBUG:django.db.backends.schema:DROP TABLE "django_content_type"; (params [])
2014-10-01 16:21:10 +0000 (GMT) DEBUG:django.db.backends.schema:ALTER TABLE "django_content_type__new" RENAME TO "django_content_type"; (params [])
2014-10-01 16:21:10 +0000 (GMT) DEBUG:django.db.backends.schema:CREATE TABLE "auth_permission" ("id" integer NOT NULL PRIMARY KEY AUTOINCREMENT, "name" varchar(50) NOT NULL, "content_type_id" integer NOT NULL REFERENCES "django_content_type" ("id"), "codename" varchar(100) NOT NULL, UNIQUE ("content_type_id", "codename")); (params [])
2014-10-01 16:21:10 +0000 (GMT) DEBUG:django.db.backends.schema:CREATE TABLE "auth_group" ("id" integer NOT NULL PRIMARY KEY AUTOINCREMENT, "name" varchar(80) NOT NULL UNIQUE); (params [])
2014-10-01 16:21:10 +0000 (GMT) DEBUG:django.db.backends.schema:CREATE TABLE "auth_group_permissions" ("id" integer NOT NULL PRIMARY KEY AUTOINCREMENT, "group_id" integer NOT NULL REFERENCES "auth_group" ("id"), "permission_id" integer NOT NULL REFERENCES "auth_permission" ("id"), UNIQUE ("group_id", "permission_id")); (params [])
2014-10-01 16:21:10 +0000 (GMT) DEBUG:django.db.backends.schema:CREATE TABLE "auth_user" ("id" integer NOT NULL PRIMARY KEY AUTOINCREMENT, "password" varchar(128) NOT NULL, "last_login" datetime NOT NULL, "is_superuser" bool NOT NULL, "username" varchar(30) NOT NULL UNIQUE, "first_name" varchar(30) NOT NULL, "last_name" varchar(30) NOT NULL, "email" varchar(75) NOT NULL, "is_staff" bool NOT NULL, "is_active" bool NOT NULL, "date_joined" datetime NOT NULL); (params [])
2014-10-01 16:21:10 +0000 (GMT) DEBUG:django.db.backends.schema:CREATE TABLE "auth_user_groups" ("id" integer NOT NULL PRIMARY KEY AUTOINCREMENT, "user_id" integer NOT NULL REFERENCES "auth_user" ("id"), "group_id" integer NOT NULL REFERENCES "auth_group" ("id"), UNIQUE ("user_id", "group_id")); (params [])
2014-10-01 16:21:10 +0000 (GMT) DEBUG:django.db.backends.schema:CREATE TABLE "auth_user_user_permissions" ("id" integer NOT NULL PRIMARY KEY AUTOINCREMENT, "user_id" integer NOT NULL REFERENCES "auth_user" ("id"), "permission_id" integer NOT NULL REFERENCES "auth_permission" ("id"), UNIQUE ("user_id", "permission_id")); (params [])
2014-10-01 16:21:10 +0000 (GMT) DEBUG:django.db.backends.schema:CREATE INDEX auth_permission_417f1b1c ON "auth_permission" ("content_type_id"); (params [])
2014-10-01 16:21:10 +0000 (GMT) DEBUG:django.db.backends.schema:CREATE INDEX auth_group_permissions_0e939a4f ON "auth_group_permissions" ("group_id"); (params [])
2014-10-01 16:21:10 +0000 (GMT) DEBUG:django.db.backends.schema:CREATE INDEX auth_group_permissions_8373b171 ON "auth_group_permissions" ("permission_id"); (params [])
2014-10-01 16:21:10 +0000 (GMT) DEBUG:django.db.backends.schema:CREATE INDEX auth_user_groups_e8701ad4 ON "auth_user_groups" ("user_id"); (params [])
2014-10-01 16:21:10 +0000 (GMT) DEBUG:django.db.backends.schema:CREATE INDEX auth_user_groups_0e939a4f ON "auth_user_groups" ("group_id"); (params [])
2014-10-01 16:21:10 +0000 (GMT) DEBUG:django.db.backends.schema:CREATE INDEX auth_user_user_permissions_e8701ad4 ON "auth_user_user_permissions" ("user_id"); (params [])
2014-10-01 16:21:10 +0000 (GMT) DEBUG:django.db.backends.schema:CREATE INDEX auth_user_user_permissions_8373b171 ON "auth_user_user_permissions" ("permission_id"); (params [])
2014-10-01 16:21:10 +0000 (GMT) DEBUG:django.db.backends.schema:CREATE TABLE "django_admin_log" ("id" integer NOT NULL PRIMARY KEY AUTOINCREMENT, "action_time" datetime NOT NULL, "object_id" text NULL, "object_repr" varchar(200) NOT NULL, "action_flag" smallint unsigned NOT NULL, "change_message" text NOT NULL, "content_type_id" integer NULL REFERENCES "django_content_type" ("id"), "user_id" integer NOT NULL REFERENCES "auth_user" ("id")); (params [])
2014-10-01 16:21:10 +0000 (GMT) DEBUG:django.db.backends.schema:CREATE INDEX django_admin_log_417f1b1c ON "django_admin_log" ("content_type_id"); (params [])
2014-10-01 16:21:10 +0000 (GMT) DEBUG:django.db.backends.schema:CREATE INDEX django_admin_log_e8701ad4 ON "django_admin_log" ("user_id"); (params [])
2014-10-01 16:21:10 +0000 (GMT) DEBUG:django.db.backends.schema:CREATE TABLE "django_session" ("session_key" varchar(40) NOT NULL PRIMARY KEY, "session_data" text NOT NULL, "expire_date" datetime NOT NULL); (params [])
2014-10-01 16:21:10 +0000 (GMT) DEBUG:django.db.backends.schema:CREATE INDEX django_session_de54fa62 ON "django_session" ("expire_date"); (params [])
2014-10-01 16:21:10 +0000 (GMT) DEBUG:django.db.backends.schema:CREATE TABLE "vimma_awsprovider" ("id" integer NOT NULL PRIMARY KEY AUTOINCREMENT, "access_key_id" varchar(100) NOT NULL, "access_key_secret" varchar(100) NOT NULL); (params [])
2014-10-01 16:21:10 +0000 (GMT) DEBUG:django.db.backends.schema:CREATE TABLE "vimma_awsvm" ("id" integer NOT NULL PRIMARY KEY AUTOINCREMENT, "status" varchar(100) NOT NULL, "region" varchar(20) NOT NULL, "reservation_id" varchar(50) NOT NULL, "instance_id" varchar(50) NOT NULL); (params [])
2014-10-01 16:21:10 +0000 (GMT) DEBUG:django.db.backends.schema:CREATE TABLE "vimma_awsvmconfig" ("id" integer NOT NULL PRIMARY KEY AUTOINCREMENT, "ami_id" varchar(50) NOT NULL, "instance_type" varchar(50) NOT NULL); (params [])
2014-10-01 16:21:10 +0000 (GMT) DEBUG:django.db.backends.schema:CREATE TABLE "vimma_dummyprovider" ("id" integer NOT NULL PRIMARY KEY AUTOINCREMENT); (params [])
2014-10-01 16:21:10 +0000 (GMT) DEBUG:django.db.backends.schema:CREATE TABLE "vimma_dummyvm" ("id" integer NOT NULL PRIMARY KEY AUTOINCREMENT, "name" varchar(50) NOT NULL, "status" varchar(50) NOT NULL, "destroyed" bool NOT NULL, "poweredon" bool NOT NULL); (params [])
2014-10-01 16:21:10 +0000 (GMT) DEBUG:django.db.backends.schema:CREATE TABLE "vimma_dummyvmconfig" ("id" integer NOT NULL PRIMARY KEY AUTOINCREMENT); (params [])
2014-10-01 16:21:10 +0000 (GMT) DEBUG:django.db.backends.schema:CREATE TABLE "vimma_permission" ("id" integer NOT NULL PRIMARY KEY AUTOINCREMENT, "name" varchar(100) NOT NULL UNIQUE); (params [])
2014-10-01 16:21:10 +0000 (GMT) DEBUG:django.db.backends.schema:CREATE TABLE "vimma_profile" ("id" integer NOT NULL PRIMARY KEY AUTOINCREMENT); (params [])
2014-10-01 16:21:10 +0000 (GMT) DEBUG:django.db.backends.schema:CREATE TABLE "vimma_project" ("id" integer NOT NULL PRIMARY KEY AUTOINCREMENT, "name" varchar(100) NOT NULL UNIQUE, "email" varchar(75) NOT NULL); (params [])
2014-10-01 16:21:10 +0000 (GMT) DEBUG:django.db.backends.schema:CREATE TABLE "vimma_provider" ("id" integer NOT NULL PRIMARY KEY AUTOINCREMENT, "name" varchar(50) NOT NULL UNIQUE, "type" varchar(20) NOT NULL); (params [])
2014-10-01 16:21:10 +0000 (GMT) DEBUG:django.db.backends.schema:CREATE TABLE "vimma_role" ("id" integer NOT NULL PRIMARY KEY AUTOINCREMENT, "name" varchar(20) NOT NULL UNIQUE); (params [])
2014-10-01 16:21:10 +0000 (GMT) DEBUG:django.db.backends.schema:CREATE TABLE "vimma_role_permissions" ("id" integer NOT NULL PRIMARY KEY AUTOINCREMENT, "role_id" integer NOT NULL REFERENCES "vimma_role" ("id"), "permission_id" integer NOT NULL REFERENCES "vimma_permission" ("id"), UNIQUE ("role_id", "permission_id")); (params [])
2014-10-01 16:21:10 +0000 (GMT) DEBUG:django.db.backends.schema:CREATE TABLE "vimma_schedule" ("id" integer NOT NULL PRIMARY KEY AUTOINCREMENT, "name" varchar(50) NOT NULL UNIQUE, "matrix" text NOT NULL, "is_special" bool NOT NULL); (params [])
2014-10-01 16:21:10 +0000 (GMT) DEBUG:django.db.backends.schema:CREATE TABLE "vimma_timezone" ("id" integer NOT NULL PRIMARY KEY AUTOINCREMENT, "name" varchar(100) NOT NULL UNIQUE); (params [])
2014-10-01 16:21:10 +0000 (GMT) DEBUG:django.db.backends.schema:CREATE TABLE "vimma_vm" ("id" integer NOT NULL PRIMARY KEY AUTOINCREMENT, "project_id" integer NOT NULL REFERENCES "vimma_project" ("id"), "provider_id" integer NOT NULL REFERENCES "vimma_provider" ("id"), "schedule_id" integer NOT NULL REFERENCES "vimma_schedule" ("id")); (params [])
2014-10-01 16:21:10 +0000 (GMT) DEBUG:django.db.backends.schema:CREATE TABLE "vimma_vmconfig" ("id" integer NOT NULL PRIMARY KEY AUTOINCREMENT, "name" varchar(50) NOT NULL UNIQUE, "requires_permission" bool NOT NULL, "default_schedule_id" integer NOT NULL REFERENCES "vimma_schedule" ("id"), "provider_id" integer NOT NULL REFERENCES "vimma_provider" ("id")); (params [])
2014-10-01 16:21:10 +0000 (GMT) DEBUG:django.db.backends.schema:CREATE TABLE "vimma_schedule__new" ("id" integer NOT NULL PRIMARY KEY AUTOINCREMENT, "name" varchar(50) NOT NULL UNIQUE, "matrix" text NOT NULL, "is_special" bool NOT NULL, "timezone_id" integer NOT NULL REFERENCES "vimma_timezone" ("id")); (params [])
2014-10-01 16:21:10 +0000 (GMT) DEBUG:django.db.backends.schema:INSERT INTO "vimma_schedule__new" ("id", "is_special", "name", "matrix") SELECT "id", "is_special", "name", "matrix" FROM "vimma_schedule"; (params [])
2014-10-01 16:21:10 +0000 (GMT) DEBUG:django.db.backends.schema:DROP TABLE "vimma_schedule"; (params [])
2014-10-01 16:21:10 +0000 (GMT) DEBUG:django.db.backends.schema:ALTER TABLE "vimma_schedule__new" RENAME TO "vimma_schedule"; (params [])
2014-10-01 16:21:10 +0000 (GMT) DEBUG:django.db.backends.schema:CREATE INDEX vimma_role_permissions_84566833 ON "vimma_role_permissions" ("role_id"); (params [])
2014-10-01 16:21:10 +0000 (GMT) DEBUG:django.db.backends.schema:CREATE INDEX vimma_role_permissions_8373b171 ON "vimma_role_permissions" ("permission_id"); (params [])
2014-10-01 16:21:10 +0000 (GMT) DEBUG:django.db.backends.schema:CREATE INDEX vimma_vm_b098ad43 ON "vimma_vm" ("project_id"); (params [])
2014-10-01 16:21:10 +0000 (GMT) DEBUG:django.db.backends.schema:CREATE INDEX vimma_vm_32ca2ddc ON "vimma_vm" ("provider_id"); (params [])
2014-10-01 16:21:10 +0000 (GMT) DEBUG:django.db.backends.schema:CREATE INDEX vimma_vm_9bc70bb9 ON "vimma_vm" ("schedule_id"); (params [])
2014-10-01 16:21:10 +0000 (GMT) DEBUG:django.db.backends.schema:CREATE INDEX vimma_vmconfig_c204f344 ON "vimma_vmconfig" ("default_schedule_id"); (params [])
2014-10-01 16:21:10 +0000 (GMT) DEBUG:django.db.backends.schema:CREATE INDEX vimma_vmconfig_32ca2ddc ON "vimma_vmconfig" ("provider_id"); (params [])
2014-10-01 16:21:10 +0000 (GMT) DEBUG:django.db.backends.schema:CREATE INDEX vimma_schedule_14502235 ON "vimma_schedule" ("timezone_id"); (params [])
2014-10-01 16:21:10 +0000 (GMT) DEBUG:django.db.backends.schema:CREATE TABLE "vimma_profile_projects" ("id" integer NOT NULL PRIMARY KEY AUTOINCREMENT, "profile_id" integer NOT NULL REFERENCES "vimma_profile" ("id"), "project_id" integer NOT NULL REFERENCES "vimma_project" ("id"), UNIQUE ("profile_id", "project_id")); (params [])
2014-10-01 16:21:10 +0000 (GMT) DEBUG:django.db.backends.schema:CREATE TABLE "vimma_profile_roles" ("id" integer NOT NULL PRIMARY KEY AUTOINCREMENT, "profile_id" integer NOT NULL REFERENCES "vimma_profile" ("id"), "role_id" integer NOT NULL REFERENCES "vimma_role" ("id"), UNIQUE ("profile_id", "role_id")); (params [])
2014-10-01 16:21:10 +0000 (GMT) DEBUG:django.db.backends.schema:CREATE TABLE "vimma_profile__new" ("id" integer NOT NULL PRIMARY KEY AUTOINCREMENT, "user_id" integer NOT NULL UNIQUE REFERENCES "auth_user" ("id")); (params [])
2014-10-01 16:21:10 +0000 (GMT) DEBUG:django.db.backends.schema:INSERT INTO "vimma_profile__new" ("id") SELECT "id" FROM "vimma_profile"; (params [])
2014-10-01 16:21:10 +0000 (GMT) DEBUG:django.db.backends.schema:DROP TABLE "vimma_profile"; (params [])
2014-10-01 16:21:10 +0000 (GMT) DEBUG:django.db.backends.schema:ALTER TABLE "vimma_profile__new" RENAME TO "vimma_profile"; (params [])
2014-10-01 16:21:10 +0000 (GMT) DEBUG:django.db.backends.schema:CREATE TABLE "vimma_dummyvmconfig__new" ("id" integer NOT NULL PRIMARY KEY AUTOINCREMENT, "vmconfig_id" integer NOT NULL UNIQUE REFERENCES "vimma_vmconfig" ("id")); (params [])
2014-10-01 16:21:10 +0000 (GMT) DEBUG:django.db.backends.schema:INSERT INTO "vimma_dummyvmconfig__new" ("id") SELECT "id" FROM "vimma_dummyvmconfig"; (params [])
2014-10-01 16:21:10 +0000 (GMT) DEBUG:django.db.backends.schema:DROP TABLE "vimma_dummyvmconfig"; (params [])
2014-10-01 16:21:10 +0000 (GMT) DEBUG:django.db.backends.schema:ALTER TABLE "vimma_dummyvmconfig__new" RENAME TO "vimma_dummyvmconfig"; (params [])
2014-10-01 16:21:10 +0000 (GMT) DEBUG:django.db.backends.schema:CREATE TABLE "vimma_dummyvm__new" ("id" integer NOT NULL PRIMARY KEY AUTOINCREMENT, "name" varchar(50) NOT NULL, "status" varchar(50) NOT NULL, "destroyed" bool NOT NULL, "poweredon" bool NOT NULL, "vm_id" integer NOT NULL UNIQUE REFERENCES "vimma_vm" ("id")); (params [])
2014-10-01 16:21:10 +0000 (GMT) DEBUG:django.db.backends.schema:INSERT INTO "vimma_dummyvm__new" ("destroyed", "id", "poweredon", "name", "status") SELECT "destroyed", "id", "poweredon", "name", "status" FROM "vimma_dummyvm"; (params [])
2014-10-01 16:21:10 +0000 (GMT) DEBUG:django.db.backends.schema:DROP TABLE "vimma_dummyvm"; (params [])
2014-10-01 16:21:10 +0000 (GMT) DEBUG:django.db.backends.schema:ALTER TABLE "vimma_dummyvm__new" RENAME TO "vimma_dummyvm"; (params [])
2014-10-01 16:21:10 +0000 (GMT) DEBUG:django.db.backends.schema:CREATE TABLE "vimma_dummyprovider__new" ("id" integer NOT NULL PRIMARY KEY AUTOINCREMENT, "provider_id" integer NOT NULL UNIQUE REFERENCES "vimma_provider" ("id")); (params [])
2014-10-01 16:21:10 +0000 (GMT) DEBUG:django.db.backends.schema:INSERT INTO "vimma_dummyprovider__new" ("id") SELECT "id" FROM "vimma_dummyprovider"; (params [])
2014-10-01 16:21:10 +0000 (GMT) DEBUG:django.db.backends.schema:DROP TABLE "vimma_dummyprovider"; (params [])
2014-10-01 16:21:10 +0000 (GMT) DEBUG:django.db.backends.schema:ALTER TABLE "vimma_dummyprovider__new" RENAME TO "vimma_dummyprovider"; (params [])
2014-10-01 16:21:10 +0000 (GMT) DEBUG:django.db.backends.schema:CREATE TABLE "vimma_awsvmconfig__new" ("id" integer NOT NULL PRIMARY KEY AUTOINCREMENT, "ami_id" varchar(50) NOT NULL, "instance_type" varchar(50) NOT NULL, "vmconfig_id" integer NOT NULL UNIQUE REFERENCES "vimma_vmconfig" ("id")); (params [])
2014-10-01 16:21:10 +0000 (GMT) DEBUG:django.db.backends.schema:INSERT INTO "vimma_awsvmconfig__new" ("ami_id", "instance_type", "id") SELECT "ami_id", "instance_type", "id" FROM "vimma_awsvmconfig"; (params [])
2014-10-01 16:21:10 +0000 (GMT) DEBUG:django.db.backends.schema:DROP TABLE "vimma_awsvmconfig"; (params [])
2014-10-01 16:21:10 +0000 (GMT) DEBUG:django.db.backends.schema:ALTER TABLE "vimma_awsvmconfig__new" RENAME TO "vimma_awsvmconfig"; (params [])
2014-10-01 16:21:10 +0000 (GMT) DEBUG:django.db.backends.schema:CREATE TABLE "vimma_awsvm__new" ("id" integer NOT NULL PRIMARY KEY AUTOINCREMENT, "status" varchar(100) NOT NULL, "region" varchar(20) NOT NULL, "reservation_id" varchar(50) NOT NULL, "instance_id" varchar(50) NOT NULL, "vm_id" integer NOT NULL UNIQUE REFERENCES "vimma_vm" ("id")); (params [])
2014-10-01 16:21:10 +0000 (GMT) DEBUG:django.db.backends.schema:INSERT INTO "vimma_awsvm__new" ("instance_id", "reservation_id", "id", "region", "status") SELECT "instance_id", "reservation_id", "id", "region", "status" FROM "vimma_awsvm"; (params [])
2014-10-01 16:21:10 +0000 (GMT) DEBUG:django.db.backends.schema:DROP TABLE "vimma_awsvm"; (params [])
2014-10-01 16:21:10 +0000 (GMT) DEBUG:django.db.backends.schema:ALTER TABLE "vimma_awsvm__new" RENAME TO "vimma_awsvm"; (params [])
2014-10-01 16:21:10 +0000 (GMT) DEBUG:django.db.backends.schema:CREATE TABLE "vimma_awsprovider__new" ("id" integer NOT NULL PRIMARY KEY AUTOINCREMENT, "access_key_id" varchar(100) NOT NULL, "access_key_secret" varchar(100) NOT NULL, "provider_id" integer NOT NULL UNIQUE REFERENCES "vimma_provider" ("id")); (params [])
2014-10-01 16:21:10 +0000 (GMT) DEBUG:django.db.backends.schema:INSERT INTO "vimma_awsprovider__new" ("access_key_id", "access_key_secret", "id") SELECT "access_key_id", "access_key_secret", "id" FROM "vimma_awsprovider"; (params [])
2014-10-01 16:21:10 +0000 (GMT) DEBUG:django.db.backends.schema:DROP TABLE "vimma_awsprovider"; (params [])
2014-10-01 16:21:10 +0000 (GMT) DEBUG:django.db.backends.schema:ALTER TABLE "vimma_awsprovider__new" RENAME TO "vimma_awsprovider"; (params [])
2014-10-01 16:31:30 +0000 (GMT) DEBUG:django.db.backends.schema:CREATE TABLE "django_migrations" ("id" integer NOT NULL PRIMARY KEY AUTOINCREMENT, "app" varchar(255) NOT NULL, "name" varchar(255) NOT NULL, "applied" datetime NOT NULL); (params [])
2014-10-01 16:31:30 +0000 (GMT) DEBUG:django.db.backends.schema:CREATE TABLE "django_content_type" ("id" integer NOT NULL PRIMARY KEY AUTOINCREMENT, "name" varchar(100) NOT NULL, "app_label" varchar(100) NOT NULL, "model" varchar(100) NOT NULL); (params [])
2014-10-01 16:31:30 +0000 (GMT) DEBUG:django.db.backends.schema:CREATE TABLE "django_content_type__new" ("id" integer NOT NULL PRIMARY KEY AUTOINCREMENT, "name" varchar(100) NOT NULL, "app_label" varchar(100) NOT NULL, "model" varchar(100) NOT NULL, UNIQUE ("app_label", "model")); (params [])
2014-10-01 16:31:30 +0000 (GMT) DEBUG:django.db.backends.schema:INSERT INTO "django_content_type__new" ("name", "app_label", "id", "model") SELECT "name", "app_label", "id", "model" FROM "django_content_type"; (params [])
2014-10-01 16:31:30 +0000 (GMT) DEBUG:django.db.backends.schema:DROP TABLE "django_content_type"; (params [])
2014-10-01 16:31:30 +0000 (GMT) DEBUG:django.db.backends.schema:ALTER TABLE "django_content_type__new" RENAME TO "django_content_type"; (params [])
2014-10-01 16:31:30 +0000 (GMT) DEBUG:django.db.backends.schema:CREATE TABLE "auth_permission" ("id" integer NOT NULL PRIMARY KEY AUTOINCREMENT, "name" varchar(50) NOT NULL, "content_type_id" integer NOT NULL REFERENCES "django_content_type" ("id"), "codename" varchar(100) NOT NULL, UNIQUE ("content_type_id", "codename")); (params [])
2014-10-01 16:31:30 +0000 (GMT) DEBUG:django.db.backends.schema:CREATE TABLE "auth_group" ("id" integer NOT NULL PRIMARY KEY AUTOINCREMENT, "name" varchar(80) NOT NULL UNIQUE); (params [])
2014-10-01 16:31:30 +0000 (GMT) DEBUG:django.db.backends.schema:CREATE TABLE "auth_group_permissions" ("id" integer NOT NULL PRIMARY KEY AUTOINCREMENT, "group_id" integer NOT NULL REFERENCES "auth_group" ("id"), "permission_id" integer NOT NULL REFERENCES "auth_permission" ("id"), UNIQUE ("group_id", "permission_id")); (params [])
2014-10-01 16:31:30 +0000 (GMT) DEBUG:django.db.backends.schema:CREATE TABLE "auth_user" ("id" integer NOT NULL PRIMARY KEY AUTOINCREMENT, "password" varchar(128) NOT NULL, "last_login" datetime NOT NULL, "is_superuser" bool NOT NULL, "username" varchar(30) NOT NULL UNIQUE, "first_name" varchar(30) NOT NULL, "last_name" varchar(30) NOT NULL, "email" varchar(75) NOT NULL, "is_staff" bool NOT NULL, "is_active" bool NOT NULL, "date_joined" datetime NOT NULL); (params [])
2014-10-01 16:31:30 +0000 (GMT) DEBUG:django.db.backends.schema:CREATE TABLE "auth_user_groups" ("id" integer NOT NULL PRIMARY KEY AUTOINCREMENT, "user_id" integer NOT NULL REFERENCES "auth_user" ("id"), "group_id" integer NOT NULL REFERENCES "auth_group" ("id"), UNIQUE ("user_id", "group_id")); (params [])
2014-10-01 16:31:30 +0000 (GMT) DEBUG:django.db.backends.schema:CREATE TABLE "auth_user_user_permissions" ("id" integer NOT NULL PRIMARY KEY AUTOINCREMENT, "user_id" integer NOT NULL REFERENCES "auth_user" ("id"), "permission_id" integer NOT NULL REFERENCES "auth_permission" ("id"), UNIQUE ("user_id", "permission_id")); (params [])
2014-10-01 16:31:30 +0000 (GMT) DEBUG:django.db.backends.schema:CREATE INDEX auth_permission_417f1b1c ON "auth_permission" ("content_type_id"); (params [])
2014-10-01 16:31:30 +0000 (GMT) DEBUG:django.db.backends.schema:CREATE INDEX auth_group_permissions_0e939a4f ON "auth_group_permissions" ("group_id"); (params [])
2014-10-01 16:31:30 +0000 (GMT) DEBUG:django.db.backends.schema:CREATE INDEX auth_group_permissions_8373b171 ON "auth_group_permissions" ("permission_id"); (params [])
2014-10-01 16:31:30 +0000 (GMT) DEBUG:django.db.backends.schema:CREATE INDEX auth_user_groups_e8701ad4 ON "auth_user_groups" ("user_id"); (params [])
2014-10-01 16:31:30 +0000 (GMT) DEBUG:django.db.backends.schema:CREATE INDEX auth_user_groups_0e939a4f ON "auth_user_groups" ("group_id"); (params [])
2014-10-01 16:31:30 +0000 (GMT) DEBUG:django.db.backends.schema:CREATE INDEX auth_user_user_permissions_e8701ad4 ON "auth_user_user_permissions" ("user_id"); (params [])
2014-10-01 16:31:30 +0000 (GMT) DEBUG:django.db.backends.schema:CREATE INDEX auth_user_user_permissions_8373b171 ON "auth_user_user_permissions" ("permission_id"); (params [])
2014-10-01 16:31:30 +0000 (GMT) DEBUG:django.db.backends.schema:CREATE TABLE "django_admin_log" ("id" integer NOT NULL PRIMARY KEY AUTOINCREMENT, "action_time" datetime NOT NULL, "object_id" text NULL, "object_repr" varchar(200) NOT NULL, "action_flag" smallint unsigned NOT NULL, "change_message" text NOT NULL, "content_type_id" integer NULL REFERENCES "django_content_type" ("id"), "user_id" integer NOT NULL REFERENCES "auth_user" ("id")); (params [])
2014-10-01 16:31:30 +0000 (GMT) DEBUG:django.db.backends.schema:CREATE INDEX django_admin_log_417f1b1c ON "django_admin_log" ("content_type_id"); (params [])
2014-10-01 16:31:30 +0000 (GMT) DEBUG:django.db.backends.schema:CREATE INDEX django_admin_log_e8701ad4 ON "django_admin_log" ("user_id"); (params [])
2014-10-01 16:31:30 +0000 (GMT) DEBUG:django.db.backends.schema:CREATE TABLE "django_session" ("session_key" varchar(40) NOT NULL PRIMARY KEY, "session_data" text NOT NULL, "expire_date" datetime NOT NULL); (params [])
2014-10-01 16:31:30 +0000 (GMT) DEBUG:django.db.backends.schema:CREATE INDEX django_session_de54fa62 ON "django_session" ("expire_date"); (params [])
2014-10-01 16:31:30 +0000 (GMT) DEBUG:django.db.backends.schema:CREATE TABLE "vimma_awsprovider" ("id" integer NOT NULL PRIMARY KEY AUTOINCREMENT, "access_key_id" varchar(100) NOT NULL, "access_key_secret" varchar(100) NOT NULL); (params [])
2014-10-01 16:31:30 +0000 (GMT) DEBUG:django.db.backends.schema:CREATE TABLE "vimma_awsvm" ("id" integer NOT NULL PRIMARY KEY AUTOINCREMENT, "status" varchar(100) NOT NULL, "region" varchar(20) NOT NULL, "reservation_id" varchar(50) NOT NULL, "instance_id" varchar(50) NOT NULL); (params [])
2014-10-01 16:31:30 +0000 (GMT) DEBUG:django.db.backends.schema:CREATE TABLE "vimma_awsvmconfig" ("id" integer NOT NULL PRIMARY KEY AUTOINCREMENT, "ami_id" varchar(50) NOT NULL, "instance_type" varchar(50) NOT NULL); (params [])
2014-10-01 16:31:30 +0000 (GMT) DEBUG:django.db.backends.schema:CREATE TABLE "vimma_dummyprovider" ("id" integer NOT NULL PRIMARY KEY AUTOINCREMENT); (params [])
2014-10-01 16:31:30 +0000 (GMT) DEBUG:django.db.backends.schema:CREATE TABLE "vimma_dummyvm" ("id" integer NOT NULL PRIMARY KEY AUTOINCREMENT, "name" varchar(50) NOT NULL, "status" varchar(50) NOT NULL, "destroyed" bool NOT NULL, "poweredon" bool NOT NULL); (params [])
2014-10-01 16:31:30 +0000 (GMT) DEBUG:django.db.backends.schema:CREATE TABLE "vimma_dummyvmconfig" ("id" integer NOT NULL PRIMARY KEY AUTOINCREMENT); (params [])
2014-10-01 16:31:30 +0000 (GMT) DEBUG:django.db.backends.schema:CREATE TABLE "vimma_permission" ("id" integer NOT NULL PRIMARY KEY AUTOINCREMENT, "name" varchar(100) NOT NULL UNIQUE); (params [])
2014-10-01 16:31:30 +0000 (GMT) DEBUG:django.db.backends.schema:CREATE TABLE "vimma_profile" ("id" integer NOT NULL PRIMARY KEY AUTOINCREMENT); (params [])
2014-10-01 16:31:30 +0000 (GMT) DEBUG:django.db.backends.schema:CREATE TABLE "vimma_project" ("id" integer NOT NULL PRIMARY KEY AUTOINCREMENT, "name" varchar(100) NOT NULL UNIQUE, "email" varchar(75) NOT NULL); (params [])
2014-10-01 16:31:30 +0000 (GMT) DEBUG:django.db.backends.schema:CREATE TABLE "vimma_provider" ("id" integer NOT NULL PRIMARY KEY AUTOINCREMENT, "name" varchar(50) NOT NULL UNIQUE, "type" varchar(20) NOT NULL); (params [])
2014-10-01 16:31:30 +0000 (GMT) DEBUG:django.db.backends.schema:CREATE TABLE "vimma_role" ("id" integer NOT NULL PRIMARY KEY AUTOINCREMENT, "name" varchar(20) NOT NULL UNIQUE); (params [])
2014-10-01 16:31:30 +0000 (GMT) DEBUG:django.db.backends.schema:CREATE TABLE "vimma_role_permissions" ("id" integer NOT NULL PRIMARY KEY AUTOINCREMENT, "role_id" integer NOT NULL REFERENCES "vimma_role" ("id"), "permission_id" integer NOT NULL REFERENCES "vimma_permission" ("id"), UNIQUE ("role_id", "permission_id")); (params [])
2014-10-01 16:31:30 +0000 (GMT) DEBUG:django.db.backends.schema:CREATE TABLE "vimma_schedule" ("id" integer NOT NULL PRIMARY KEY AUTOINCREMENT, "name" varchar(50) NOT NULL UNIQUE, "matrix" text NOT NULL, "is_special" bool NOT NULL); (params [])
2014-10-01 16:31:30 +0000 (GMT) DEBUG:django.db.backends.schema:CREATE TABLE "vimma_timezone" ("id" integer NOT NULL PRIMARY KEY AUTOINCREMENT, "name" varchar(100) NOT NULL UNIQUE); (params [])
2014-10-01 16:31:30 +0000 (GMT) DEBUG:django.db.backends.schema:CREATE TABLE "vimma_vm" ("id" integer NOT NULL PRIMARY KEY AUTOINCREMENT, "project_id" integer NOT NULL REFERENCES "vimma_project" ("id"), "provider_id" integer NOT NULL REFERENCES "vimma_provider" ("id"), "schedule_id" integer NOT NULL REFERENCES "vimma_schedule" ("id")); (params [])
2014-10-01 16:31:30 +0000 (GMT) DEBUG:django.db.backends.schema:CREATE TABLE "vimma_vmconfig" ("id" integer NOT NULL PRIMARY KEY AUTOINCREMENT, "name" varchar(50) NOT NULL UNIQUE, "requires_permission" bool NOT NULL, "default_schedule_id" integer NOT NULL REFERENCES "vimma_schedule" ("id"), "provider_id" integer NOT NULL REFERENCES "vimma_provider" ("id")); (params [])
2014-10-01 16:31:30 +0000 (GMT) DEBUG:django.db.backends.schema:CREATE TABLE "vimma_schedule__new" ("id" integer NOT NULL PRIMARY KEY AUTOINCREMENT, "name" varchar(50) NOT NULL UNIQUE, "matrix" text NOT NULL, "is_special" bool NOT NULL, "timezone_id" integer NOT NULL REFERENCES "vimma_timezone" ("id")); (params [])
2014-10-01 16:31:30 +0000 (GMT) DEBUG:django.db.backends.schema:INSERT INTO "vimma_schedule__new" ("name", "is_special", "id", "matrix") SELECT "name", "is_special", "id", "matrix" FROM "vimma_schedule"; (params [])
2014-10-01 16:31:30 +0000 (GMT) DEBUG:django.db.backends.schema:DROP TABLE "vimma_schedule"; (params [])
2014-10-01 16:31:30 +0000 (GMT) DEBUG:django.db.backends.schema:ALTER TABLE "vimma_schedule__new" RENAME TO "vimma_schedule"; (params [])
2014-10-01 16:31:30 +0000 (GMT) DEBUG:django.db.backends.schema:CREATE INDEX vimma_role_permissions_84566833 ON "vimma_role_permissions" ("role_id"); (params [])
2014-10-01 16:31:30 +0000 (GMT) DEBUG:django.db.backends.schema:CREATE INDEX vimma_role_permissions_8373b171 ON "vimma_role_permissions" ("permission_id"); (params [])
2014-10-01 16:31:30 +0000 (GMT) DEBUG:django.db.backends.schema:CREATE INDEX vimma_vm_b098ad43 ON "vimma_vm" ("project_id"); (params [])
2014-10-01 16:31:30 +0000 (GMT) DEBUG:django.db.backends.schema:CREATE INDEX vimma_vm_32ca2ddc ON "vimma_vm" ("provider_id"); (params [])
2014-10-01 16:31:30 +0000 (GMT) DEBUG:django.db.backends.schema:CREATE INDEX vimma_vm_9bc70bb9 ON "vimma_vm" ("schedule_id"); (params [])
2014-10-01 16:31:30 +0000 (GMT) DEBUG:django.db.backends.schema:CREATE INDEX vimma_vmconfig_c204f344 ON "vimma_vmconfig" ("default_schedule_id"); (params [])
2014-10-01 16:31:30 +0000 (GMT) DEBUG:django.db.backends.schema:CREATE INDEX vimma_vmconfig_32ca2ddc ON "vimma_vmconfig" ("provider_id"); (params [])
2014-10-01 16:31:30 +0000 (GMT) DEBUG:django.db.backends.schema:CREATE INDEX vimma_schedule_14502235 ON "vimma_schedule" ("timezone_id"); (params [])
2014-10-01 16:31:30 +0000 (GMT) DEBUG:django.db.backends.schema:CREATE TABLE "vimma_profile_projects" ("id" integer NOT NULL PRIMARY KEY AUTOINCREMENT, "profile_id" integer NOT NULL REFERENCES "vimma_profile" ("id"), "project_id" integer NOT NULL REFERENCES "vimma_project" ("id"), UNIQUE ("profile_id", "project_id")); (params [])
2014-10-01 16:31:30 +0000 (GMT) DEBUG:django.db.backends.schema:CREATE TABLE "vimma_profile_roles" ("id" integer NOT NULL PRIMARY KEY AUTOINCREMENT, "profile_id" integer NOT NULL REFERENCES "vimma_profile" ("id"), "role_id" integer NOT NULL REFERENCES "vimma_role" ("id"), UNIQUE ("profile_id", "role_id")); (params [])
2014-10-01 16:31:30 +0000 (GMT) DEBUG:django.db.backends.schema:CREATE TABLE "vimma_profile__new" ("id" integer NOT NULL PRIMARY KEY AUTOINCREMENT, "user_id" integer NOT NULL UNIQUE REFERENCES "auth_user" ("id")); (params [])
2014-10-01 16:31:30 +0000 (GMT) DEBUG:django.db.backends.schema:INSERT INTO "vimma_profile__new" ("id") SELECT "id" FROM "vimma_profile"; (params [])
2014-10-01 16:31:30 +0000 (GMT) DEBUG:django.db.backends.schema:DROP TABLE "vimma_profile"; (params [])
2014-10-01 16:31:30 +0000 (GMT) DEBUG:django.db.backends.schema:ALTER TABLE "vimma_profile__new" RENAME TO "vimma_profile"; (params [])
2014-10-01 16:31:30 +0000 (GMT) DEBUG:django.db.backends.schema:CREATE TABLE "vimma_dummyvmconfig__new" ("id" integer NOT NULL PRIMARY KEY AUTOINCREMENT, "vmconfig_id" integer NOT NULL UNIQUE REFERENCES "vimma_vmconfig" ("id")); (params [])
2014-10-01 16:31:30 +0000 (GMT) DEBUG:django.db.backends.schema:INSERT INTO "vimma_dummyvmconfig__new" ("id") SELECT "id" FROM "vimma_dummyvmconfig"; (params [])
2014-10-01 16:31:30 +0000 (GMT) DEBUG:django.db.backends.schema:DROP TABLE "vimma_dummyvmconfig"; (params [])
2014-10-01 16:31:30 +0000 (GMT) DEBUG:django.db.backends.schema:ALTER TABLE "vimma_dummyvmconfig__new" RENAME TO "vimma_dummyvmconfig"; (params [])
2014-10-01 16:31:30 +0000 (GMT) DEBUG:django.db.backends.schema:CREATE TABLE "vimma_dummyvm__new" ("id" integer NOT NULL PRIMARY KEY AUTOINCREMENT, "name" varchar(50) NOT NULL, "status" varchar(50) NOT NULL, "destroyed" bool NOT NULL, "poweredon" bool NOT NULL, "vm_id" integer NOT NULL UNIQUE REFERENCES "vimma_vm" ("id")); (params [])
2014-10-01 16:31:30 +0000 (GMT) DEBUG:django.db.backends.schema:INSERT INTO "vimma_dummyvm__new" ("name", "destroyed", "id", "poweredon", "status") SELECT "name", "destroyed", "id", "poweredon", "status" FROM "vimma_dummyvm"; (params [])
2014-10-01 16:31:30 +0000 (GMT) DEBUG:django.db.backends.schema:DROP TABLE "vimma_dummyvm"; (params [])
2014-10-01 16:31:30 +0000 (GMT) DEBUG:django.db.backends.schema:ALTER TABLE "vimma_dummyvm__new" RENAME TO "vimma_dummyvm"; (params [])
2014-10-01 16:31:31 +0000 (GMT) DEBUG:django.db.backends.schema:CREATE TABLE "vimma_dummyprovider__new" ("id" integer NOT NULL PRIMARY KEY AUTOINCREMENT, "provider_id" integer NOT NULL UNIQUE REFERENCES "vimma_provider" ("id")); (params [])
2014-10-01 16:31:31 +0000 (GMT) DEBUG:django.db.backends.schema:INSERT INTO "vimma_dummyprovider__new" ("id") SELECT "id" FROM "vimma_dummyprovider"; (params [])
2014-10-01 16:31:31 +0000 (GMT) DEBUG:django.db.backends.schema:DROP TABLE "vimma_dummyprovider"; (params [])
2014-10-01 16:31:31 +0000 (GMT) DEBUG:django.db.backends.schema:ALTER TABLE "vimma_dummyprovider__new" RENAME TO "vimma_dummyprovider"; (params [])
2014-10-01 16:31:31 +0000 (GMT) DEBUG:django.db.backends.schema:CREATE TABLE "vimma_awsvmconfig__new" ("id" integer NOT NULL PRIMARY KEY AUTOINCREMENT, "ami_id" varchar(50) NOT NULL, "instance_type" varchar(50) NOT NULL, "vmconfig_id" integer NOT NULL UNIQUE REFERENCES "vimma_vmconfig" ("id")); (params [])
2014-10-01 16:31:31 +0000 (GMT) DEBUG:django.db.backends.schema:INSERT INTO "vimma_awsvmconfig__new" ("instance_type", "id", "ami_id") SELECT "instance_type", "id", "ami_id" FROM "vimma_awsvmconfig"; (params [])
2014-10-01 16:31:31 +0000 (GMT) DEBUG:django.db.backends.schema:DROP TABLE "vimma_awsvmconfig"; (params [])
2014-10-01 16:31:31 +0000 (GMT) DEBUG:django.db.backends.schema:ALTER TABLE "vimma_awsvmconfig__new" RENAME TO "vimma_awsvmconfig"; (params [])
2014-10-01 16:31:31 +0000 (GMT) DEBUG:django.db.backends.schema:CREATE TABLE "vimma_awsvm__new" ("id" integer NOT NULL PRIMARY KEY AUTOINCREMENT, "status" varchar(100) NOT NULL, "region" varchar(20) NOT NULL, "reservation_id" varchar(50) NOT NULL, "instance_id" varchar(50) NOT NULL, "vm_id" integer NOT NULL UNIQUE REFERENCES "vimma_vm" ("id")); (params [])
2014-10-01 16:31:31 +0000 (GMT) DEBUG:django.db.backends.schema:INSERT INTO "vimma_awsvm__new" ("instance_id", "reservation_id", "id", "region", "status") SELECT "instance_id", "reservation_id", "id", "region", "status" FROM "vimma_awsvm"; (params [])
2014-10-01 16:31:31 +0000 (GMT) DEBUG:django.db.backends.schema:DROP TABLE "vimma_awsvm"; (params [])
2014-10-01 16:31:31 +0000 (GMT) DEBUG:django.db.backends.schema:ALTER TABLE "vimma_awsvm__new" RENAME TO "vimma_awsvm"; (params [])
2014-10-01 16:31:31 +0000 (GMT) DEBUG:django.db.backends.schema:CREATE TABLE "vimma_awsprovider__new" ("id" integer NOT NULL PRIMARY KEY AUTOINCREMENT, "access_key_id" varchar(100) NOT NULL, "access_key_secret" varchar(100) NOT NULL, "provider_id" integer NOT NULL UNIQUE REFERENCES "vimma_provider" ("id")); (params [])
2014-10-01 16:31:31 +0000 (GMT) DEBUG:django.db.backends.schema:INSERT INTO "vimma_awsprovider__new" ("access_key_secret", "id", "access_key_id") SELECT "access_key_secret", "id", "access_key_id" FROM "vimma_awsprovider"; (params [])
2014-10-01 16:31:31 +0000 (GMT) DEBUG:django.db.backends.schema:DROP TABLE "vimma_awsprovider"; (params [])
2014-10-01 16:31:31 +0000 (GMT) DEBUG:django.db.backends.schema:ALTER TABLE "vimma_awsprovider__new" RENAME TO "vimma_awsprovider"; (params [])
2014-10-01 16:36:31 +0000 (GMT) DEBUG:django.db.backends.schema:CREATE TABLE "django_migrations" ("id" integer NOT NULL PRIMARY KEY AUTOINCREMENT, "app" varchar(255) NOT NULL, "name" varchar(255) NOT NULL, "applied" datetime NOT NULL); (params [])
2014-10-01 16:36:31 +0000 (GMT) DEBUG:django.db.backends.schema:CREATE TABLE "django_content_type" ("id" integer NOT NULL PRIMARY KEY AUTOINCREMENT, "name" varchar(100) NOT NULL, "app_label" varchar(100) NOT NULL, "model" varchar(100) NOT NULL); (params [])
2014-10-01 16:36:31 +0000 (GMT) DEBUG:django.db.backends.schema:CREATE TABLE "django_content_type__new" ("id" integer NOT NULL PRIMARY KEY AUTOINCREMENT, "name" varchar(100) NOT NULL, "app_label" varchar(100) NOT NULL, "model" varchar(100) NOT NULL, UNIQUE ("app_label", "model")); (params [])
2014-10-01 16:36:31 +0000 (GMT) DEBUG:django.db.backends.schema:INSERT INTO "django_content_type__new" ("name", "model", "app_label", "id") SELECT "name", "model", "app_label", "id" FROM "django_content_type"; (params [])
2014-10-01 16:36:31 +0000 (GMT) DEBUG:django.db.backends.schema:DROP TABLE "django_content_type"; (params [])
2014-10-01 16:36:31 +0000 (GMT) DEBUG:django.db.backends.schema:ALTER TABLE "django_content_type__new" RENAME TO "django_content_type"; (params [])
2014-10-01 16:36:31 +0000 (GMT) DEBUG:django.db.backends.schema:CREATE TABLE "auth_permission" ("id" integer NOT NULL PRIMARY KEY AUTOINCREMENT, "name" varchar(50) NOT NULL, "content_type_id" integer NOT NULL REFERENCES "django_content_type" ("id"), "codename" varchar(100) NOT NULL, UNIQUE ("content_type_id", "codename")); (params [])
2014-10-01 16:36:31 +0000 (GMT) DEBUG:django.db.backends.schema:CREATE TABLE "auth_group" ("id" integer NOT NULL PRIMARY KEY AUTOINCREMENT, "name" varchar(80) NOT NULL UNIQUE); (params [])
2014-10-01 16:36:31 +0000 (GMT) DEBUG:django.db.backends.schema:CREATE TABLE "auth_group_permissions" ("id" integer NOT NULL PRIMARY KEY AUTOINCREMENT, "group_id" integer NOT NULL REFERENCES "auth_group" ("id"), "permission_id" integer NOT NULL REFERENCES "auth_permission" ("id"), UNIQUE ("group_id", "permission_id")); (params [])
2014-10-01 16:36:31 +0000 (GMT) DEBUG:django.db.backends.schema:CREATE TABLE "auth_user" ("id" integer NOT NULL PRIMARY KEY AUTOINCREMENT, "password" varchar(128) NOT NULL, "last_login" datetime NOT NULL, "is_superuser" bool NOT NULL, "username" varchar(30) NOT NULL UNIQUE, "first_name" varchar(30) NOT NULL, "last_name" varchar(30) NOT NULL, "email" varchar(75) NOT NULL, "is_staff" bool NOT NULL, "is_active" bool NOT NULL, "date_joined" datetime NOT NULL); (params [])
2014-10-01 16:36:31 +0000 (GMT) DEBUG:django.db.backends.schema:CREATE TABLE "auth_user_groups" ("id" integer NOT NULL PRIMARY KEY AUTOINCREMENT, "user_id" integer NOT NULL REFERENCES "auth_user" ("id"), "group_id" integer NOT NULL REFERENCES "auth_group" ("id"), UNIQUE ("user_id", "group_id")); (params [])
2014-10-01 16:36:31 +0000 (GMT) DEBUG:django.db.backends.schema:CREATE TABLE "auth_user_user_permissions" ("id" integer NOT NULL PRIMARY KEY AUTOINCREMENT, "user_id" integer NOT NULL REFERENCES "auth_user" ("id"), "permission_id" integer NOT NULL REFERENCES "auth_permission" ("id"), UNIQUE ("user_id", "permission_id")); (params [])
2014-10-01 16:36:31 +0000 (GMT) DEBUG:django.db.backends.schema:CREATE INDEX auth_permission_417f1b1c ON "auth_permission" ("content_type_id"); (params [])
2014-10-01 16:36:31 +0000 (GMT) DEBUG:django.db.backends.schema:CREATE INDEX auth_group_permissions_0e939a4f ON "auth_group_permissions" ("group_id"); (params [])
2014-10-01 16:36:31 +0000 (GMT) DEBUG:django.db.backends.schema:CREATE INDEX auth_group_permissions_8373b171 ON "auth_group_permissions" ("permission_id"); (params [])
2014-10-01 16:36:31 +0000 (GMT) DEBUG:django.db.backends.schema:CREATE INDEX auth_user_groups_e8701ad4 ON "auth_user_groups" ("user_id"); (params [])
2014-10-01 16:36:31 +0000 (GMT) DEBUG:django.db.backends.schema:CREATE INDEX auth_user_groups_0e939a4f ON "auth_user_groups" ("group_id"); (params [])
2014-10-01 16:36:31 +0000 (GMT) DEBUG:django.db.backends.schema:CREATE INDEX auth_user_user_permissions_e8701ad4 ON "auth_user_user_permissions" ("user_id"); (params [])
2014-10-01 16:36:31 +0000 (GMT) DEBUG:django.db.backends.schema:CREATE INDEX auth_user_user_permissions_8373b171 ON "auth_user_user_permissions" ("permission_id"); (params [])
2014-10-01 16:36:31 +0000 (GMT) DEBUG:django.db.backends.schema:CREATE TABLE "django_admin_log" ("id" integer NOT NULL PRIMARY KEY AUTOINCREMENT, "action_time" datetime NOT NULL, "object_id" text NULL, "object_repr" varchar(200) NOT NULL, "action_flag" smallint unsigned NOT NULL, "change_message" text NOT NULL, "content_type_id" integer NULL REFERENCES "django_content_type" ("id"), "user_id" integer NOT NULL REFERENCES "auth_user" ("id")); (params [])
2014-10-01 16:36:31 +0000 (GMT) DEBUG:django.db.backends.schema:CREATE INDEX django_admin_log_417f1b1c ON "django_admin_log" ("content_type_id"); (params [])
2014-10-01 16:36:31 +0000 (GMT) DEBUG:django.db.backends.schema:CREATE INDEX django_admin_log_e8701ad4 ON "django_admin_log" ("user_id"); (params [])
2014-10-01 16:36:31 +0000 (GMT) DEBUG:django.db.backends.schema:CREATE TABLE "django_session" ("session_key" varchar(40) NOT NULL PRIMARY KEY, "session_data" text NOT NULL, "expire_date" datetime NOT NULL); (params [])
2014-10-01 16:36:31 +0000 (GMT) DEBUG:django.db.backends.schema:CREATE INDEX django_session_de54fa62 ON "django_session" ("expire_date"); (params [])
2014-10-01 16:36:31 +0000 (GMT) DEBUG:django.db.backends.schema:CREATE TABLE "vimma_awsprovider" ("id" integer NOT NULL PRIMARY KEY AUTOINCREMENT, "access_key_id" varchar(100) NOT NULL, "access_key_secret" varchar(100) NOT NULL); (params [])
2014-10-01 16:36:31 +0000 (GMT) DEBUG:django.db.backends.schema:CREATE TABLE "vimma_awsvm" ("id" integer NOT NULL PRIMARY KEY AUTOINCREMENT, "status" varchar(100) NOT NULL, "region" varchar(20) NOT NULL, "reservation_id" varchar(50) NOT NULL, "instance_id" varchar(50) NOT NULL); (params [])
2014-10-01 16:36:31 +0000 (GMT) DEBUG:django.db.backends.schema:CREATE TABLE "vimma_awsvmconfig" ("id" integer NOT NULL PRIMARY KEY AUTOINCREMENT, "ami_id" varchar(50) NOT NULL, "instance_type" varchar(50) NOT NULL); (params [])
2014-10-01 16:36:31 +0000 (GMT) DEBUG:django.db.backends.schema:CREATE TABLE "vimma_dummyprovider" ("id" integer NOT NULL PRIMARY KEY AUTOINCREMENT); (params [])
2014-10-01 16:36:31 +0000 (GMT) DEBUG:django.db.backends.schema:CREATE TABLE "vimma_dummyvm" ("id" integer NOT NULL PRIMARY KEY AUTOINCREMENT, "name" varchar(50) NOT NULL, "status" varchar(50) NOT NULL, "destroyed" bool NOT NULL, "poweredon" bool NOT NULL); (params [])
2014-10-01 16:36:31 +0000 (GMT) DEBUG:django.db.backends.schema:CREATE TABLE "vimma_dummyvmconfig" ("id" integer NOT NULL PRIMARY KEY AUTOINCREMENT); (params [])
2014-10-01 16:36:31 +0000 (GMT) DEBUG:django.db.backends.schema:CREATE TABLE "vimma_permission" ("id" integer NOT NULL PRIMARY KEY AUTOINCREMENT, "name" varchar(100) NOT NULL UNIQUE); (params [])
2014-10-01 16:36:31 +0000 (GMT) DEBUG:django.db.backends.schema:CREATE TABLE "vimma_profile" ("id" integer NOT NULL PRIMARY KEY AUTOINCREMENT); (params [])
2014-10-01 16:36:31 +0000 (GMT) DEBUG:django.db.backends.schema:CREATE TABLE "vimma_project" ("id" integer NOT NULL PRIMARY KEY AUTOINCREMENT, "name" varchar(100) NOT NULL UNIQUE, "email" varchar(75) NOT NULL); (params [])
2014-10-01 16:36:31 +0000 (GMT) DEBUG:django.db.backends.schema:CREATE TABLE "vimma_provider" ("id" integer NOT NULL PRIMARY KEY AUTOINCREMENT, "name" varchar(50) NOT NULL UNIQUE, "type" varchar(20) NOT NULL); (params [])
2014-10-01 16:36:31 +0000 (GMT) DEBUG:django.db.backends.schema:CREATE TABLE "vimma_role" ("id" integer NOT NULL PRIMARY KEY AUTOINCREMENT, "name" varchar(20) NOT NULL UNIQUE); (params [])
2014-10-01 16:36:31 +0000 (GMT) DEBUG:django.db.backends.schema:CREATE TABLE "vimma_role_permissions" ("id" integer NOT NULL PRIMARY KEY AUTOINCREMENT, "role_id" integer NOT NULL REFERENCES "vimma_role" ("id"), "permission_id" integer NOT NULL REFERENCES "vimma_permission" ("id"), UNIQUE ("role_id", "permission_id")); (params [])
2014-10-01 16:36:31 +0000 (GMT) DEBUG:django.db.backends.schema:CREATE TABLE "vimma_schedule" ("id" integer NOT NULL PRIMARY KEY AUTOINCREMENT, "name" varchar(50) NOT NULL UNIQUE, "matrix" text NOT NULL, "is_special" bool NOT NULL); (params [])
2014-10-01 16:36:31 +0000 (GMT) DEBUG:django.db.backends.schema:CREATE TABLE "vimma_timezone" ("id" integer NOT NULL PRIMARY KEY AUTOINCREMENT, "name" varchar(100) NOT NULL UNIQUE); (params [])
2014-10-01 16:36:31 +0000 (GMT) DEBUG:django.db.backends.schema:CREATE TABLE "vimma_vm" ("id" integer NOT NULL PRIMARY KEY AUTOINCREMENT, "project_id" integer NOT NULL REFERENCES "vimma_project" ("id"), "provider_id" integer NOT NULL REFERENCES "vimma_provider" ("id"), "schedule_id" integer NOT NULL REFERENCES "vimma_schedule" ("id")); (params [])
2014-10-01 16:36:31 +0000 (GMT) DEBUG:django.db.backends.schema:CREATE TABLE "vimma_vmconfig" ("id" integer NOT NULL PRIMARY KEY AUTOINCREMENT, "name" varchar(50) NOT NULL UNIQUE, "requires_permission" bool NOT NULL, "default_schedule_id" integer NOT NULL REFERENCES "vimma_schedule" ("id"), "provider_id" integer NOT NULL REFERENCES "vimma_provider" ("id")); (params [])
2014-10-01 16:36:31 +0000 (GMT) DEBUG:django.db.backends.schema:CREATE TABLE "vimma_schedule__new" ("id" integer NOT NULL PRIMARY KEY AUTOINCREMENT, "name" varchar(50) NOT NULL UNIQUE, "matrix" text NOT NULL, "is_special" bool NOT NULL, "timezone_id" integer NOT NULL REFERENCES "vimma_timezone" ("id")); (params [])
2014-10-01 16:36:31 +0000 (GMT) DEBUG:django.db.backends.schema:INSERT INTO "vimma_schedule__new" ("name", "matrix", "is_special", "id") SELECT "name", "matrix", "is_special", "id" FROM "vimma_schedule"; (params [])
2014-10-01 16:36:31 +0000 (GMT) DEBUG:django.db.backends.schema:DROP TABLE "vimma_schedule"; (params [])
2014-10-01 16:36:31 +0000 (GMT) DEBUG:django.db.backends.schema:ALTER TABLE "vimma_schedule__new" RENAME TO "vimma_schedule"; (params [])
2014-10-01 16:36:31 +0000 (GMT) DEBUG:django.db.backends.schema:CREATE INDEX vimma_role_permissions_84566833 ON "vimma_role_permissions" ("role_id"); (params [])
2014-10-01 16:36:31 +0000 (GMT) DEBUG:django.db.backends.schema:CREATE INDEX vimma_role_permissions_8373b171 ON "vimma_role_permissions" ("permission_id"); (params [])
2014-10-01 16:36:31 +0000 (GMT) DEBUG:django.db.backends.schema:CREATE INDEX vimma_vm_b098ad43 ON "vimma_vm" ("project_id"); (params [])
2014-10-01 16:36:31 +0000 (GMT) DEBUG:django.db.backends.schema:CREATE INDEX vimma_vm_32ca2ddc ON "vimma_vm" ("provider_id"); (params [])
2014-10-01 16:36:31 +0000 (GMT) DEBUG:django.db.backends.schema:CREATE INDEX vimma_vm_9bc70bb9 ON "vimma_vm" ("schedule_id"); (params [])
2014-10-01 16:36:31 +0000 (GMT) DEBUG:django.db.backends.schema:CREATE INDEX vimma_vmconfig_c204f344 ON "vimma_vmconfig" ("default_schedule_id"); (params [])
2014-10-01 16:36:31 +0000 (GMT) DEBUG:django.db.backends.schema:CREATE INDEX vimma_vmconfig_32ca2ddc ON "vimma_vmconfig" ("provider_id"); (params [])
2014-10-01 16:36:31 +0000 (GMT) DEBUG:django.db.backends.schema:CREATE INDEX vimma_schedule_14502235 ON "vimma_schedule" ("timezone_id"); (params [])
2014-10-01 16:36:31 +0000 (GMT) DEBUG:django.db.backends.schema:CREATE TABLE "vimma_profile_projects" ("id" integer NOT NULL PRIMARY KEY AUTOINCREMENT, "profile_id" integer NOT NULL REFERENCES "vimma_profile" ("id"), "project_id" integer NOT NULL REFERENCES "vimma_project" ("id"), UNIQUE ("profile_id", "project_id")); (params [])
2014-10-01 16:36:31 +0000 (GMT) DEBUG:django.db.backends.schema:CREATE TABLE "vimma_profile_roles" ("id" integer NOT NULL PRIMARY KEY AUTOINCREMENT, "profile_id" integer NOT NULL REFERENCES "vimma_profile" ("id"), "role_id" integer NOT NULL REFERENCES "vimma_role" ("id"), UNIQUE ("profile_id", "role_id")); (params [])
2014-10-01 16:36:31 +0000 (GMT) DEBUG:django.db.backends.schema:CREATE TABLE "vimma_profile__new" ("id" integer NOT NULL PRIMARY KEY AUTOINCREMENT, "user_id" integer NOT NULL UNIQUE REFERENCES "auth_user" ("id")); (params [])
2014-10-01 16:36:31 +0000 (GMT) DEBUG:django.db.backends.schema:INSERT INTO "vimma_profile__new" ("id") SELECT "id" FROM "vimma_profile"; (params [])
2014-10-01 16:36:31 +0000 (GMT) DEBUG:django.db.backends.schema:DROP TABLE "vimma_profile"; (params [])
2014-10-01 16:36:31 +0000 (GMT) DEBUG:django.db.backends.schema:ALTER TABLE "vimma_profile__new" RENAME TO "vimma_profile"; (params [])
2014-10-01 16:36:31 +0000 (GMT) DEBUG:django.db.backends.schema:CREATE TABLE "vimma_dummyvmconfig__new" ("id" integer NOT NULL PRIMARY KEY AUTOINCREMENT, "vmconfig_id" integer NOT NULL UNIQUE REFERENCES "vimma_vmconfig" ("id")); (params [])
2014-10-01 16:36:31 +0000 (GMT) DEBUG:django.db.backends.schema:INSERT INTO "vimma_dummyvmconfig__new" ("id") SELECT "id" FROM "vimma_dummyvmconfig"; (params [])
2014-10-01 16:36:31 +0000 (GMT) DEBUG:django.db.backends.schema:DROP TABLE "vimma_dummyvmconfig"; (params [])
2014-10-01 16:36:31 +0000 (GMT) DEBUG:django.db.backends.schema:ALTER TABLE "vimma_dummyvmconfig__new" RENAME TO "vimma_dummyvmconfig"; (params [])
2014-10-01 16:36:31 +0000 (GMT) DEBUG:django.db.backends.schema:CREATE TABLE "vimma_dummyvm__new" ("id" integer NOT NULL PRIMARY KEY AUTOINCREMENT, "name" varchar(50) NOT NULL, "status" varchar(50) NOT NULL, "destroyed" bool NOT NULL, "poweredon" bool NOT NULL, "vm_id" integer NOT NULL UNIQUE REFERENCES "vimma_vm" ("id")); (params [])
2014-10-01 16:36:31 +0000 (GMT) DEBUG:django.db.backends.schema:INSERT INTO "vimma_dummyvm__new" ("name", "poweredon", "destroyed", "status", "id") SELECT "name", "poweredon", "destroyed", "status", "id" FROM "vimma_dummyvm"; (params [])
2014-10-01 16:36:31 +0000 (GMT) DEBUG:django.db.backends.schema:DROP TABLE "vimma_dummyvm"; (params [])
2014-10-01 16:36:31 +0000 (GMT) DEBUG:django.db.backends.schema:ALTER TABLE "vimma_dummyvm__new" RENAME TO "vimma_dummyvm"; (params [])
2014-10-01 16:36:31 +0000 (GMT) DEBUG:django.db.backends.schema:CREATE TABLE "vimma_dummyprovider__new" ("id" integer NOT NULL PRIMARY KEY AUTOINCREMENT, "provider_id" integer NOT NULL UNIQUE REFERENCES "vimma_provider" ("id")); (params [])
2014-10-01 16:36:31 +0000 (GMT) DEBUG:django.db.backends.schema:INSERT INTO "vimma_dummyprovider__new" ("id") SELECT "id" FROM "vimma_dummyprovider"; (params [])
2014-10-01 16:36:31 +0000 (GMT) DEBUG:django.db.backends.schema:DROP TABLE "vimma_dummyprovider"; (params [])
2014-10-01 16:36:31 +0000 (GMT) DEBUG:django.db.backends.schema:ALTER TABLE "vimma_dummyprovider__new" RENAME TO "vimma_dummyprovider"; (params [])
2014-10-01 16:36:31 +0000 (GMT) DEBUG:django.db.backends.schema:CREATE TABLE "vimma_awsvmconfig__new" ("id" integer NOT NULL PRIMARY KEY AUTOINCREMENT, "ami_id" varchar(50) NOT NULL, "instance_type" varchar(50) NOT NULL, "vmconfig_id" integer NOT NULL UNIQUE REFERENCES "vimma_vmconfig" ("id")); (params [])
2014-10-01 16:36:31 +0000 (GMT) DEBUG:django.db.backends.schema:INSERT INTO "vimma_awsvmconfig__new" ("instance_type", "ami_id", "id") SELECT "instance_type", "ami_id", "id" FROM "vimma_awsvmconfig"; (params [])
2014-10-01 16:36:31 +0000 (GMT) DEBUG:django.db.backends.schema:DROP TABLE "vimma_awsvmconfig"; (params [])
2014-10-01 16:36:31 +0000 (GMT) DEBUG:django.db.backends.schema:ALTER TABLE "vimma_awsvmconfig__new" RENAME TO "vimma_awsvmconfig"; (params [])
2014-10-01 16:36:31 +0000 (GMT) DEBUG:django.db.backends.schema:CREATE TABLE "vimma_awsvm__new" ("id" integer NOT NULL PRIMARY KEY AUTOINCREMENT, "status" varchar(100) NOT NULL, "region" varchar(20) NOT NULL, "reservation_id" varchar(50) NOT NULL, "instance_id" varchar(50) NOT NULL, "vm_id" integer NOT NULL UNIQUE REFERENCES "vimma_vm" ("id")); (params [])
2014-10-01 16:36:31 +0000 (GMT) DEBUG:django.db.backends.schema:INSERT INTO "vimma_awsvm__new" ("reservation_id", "instance_id", "region", "status", "id") SELECT "reservation_id", "instance_id", "region", "status", "id" FROM "vimma_awsvm"; (params [])
2014-10-01 16:36:31 +0000 (GMT) DEBUG:django.db.backends.schema:DROP TABLE "vimma_awsvm"; (params [])
2014-10-01 16:36:31 +0000 (GMT) DEBUG:django.db.backends.schema:ALTER TABLE "vimma_awsvm__new" RENAME TO "vimma_awsvm"; (params [])
2014-10-01 16:36:31 +0000 (GMT) DEBUG:django.db.backends.schema:CREATE TABLE "vimma_awsprovider__new" ("id" integer NOT NULL PRIMARY KEY AUTOINCREMENT, "access_key_id" varchar(100) NOT NULL, "access_key_secret" varchar(100) NOT NULL, "provider_id" integer NOT NULL UNIQUE REFERENCES "vimma_provider" ("id")); (params [])
2014-10-01 16:36:31 +0000 (GMT) DEBUG:django.db.backends.schema:INSERT INTO "vimma_awsprovider__new" ("access_key_id", "access_key_secret", "id") SELECT "access_key_id", "access_key_secret", "id" FROM "vimma_awsprovider"; (params [])
2014-10-01 16:36:31 +0000 (GMT) DEBUG:django.db.backends.schema:DROP TABLE "vimma_awsprovider"; (params [])
2014-10-01 16:36:31 +0000 (GMT) DEBUG:django.db.backends.schema:ALTER TABLE "vimma_awsprovider__new" RENAME TO "vimma_awsprovider"; (params [])
